This file contains any messages produced by compilers while
running configure, to aid debugging if configure makes a mistake.

It was created by libwebp configure 1.2.4, which was
generated by GNU Autoconf 2.71.  Invocation command line was

  $ ./configure --prefix=/opt/local/www/apache2/html/imagick/image_magick --exec-prefix=/opt/local/www/apache2/html/imagick/image_magick --disable-shared --enable-static --disable-threading

## --------- ##
## Platform. ##
## --------- ##

hostname = iMac-de-Alexandre.local
uname -m = x86_64
uname -r = 21.6.0
uname -s = Darwin
uname -v = Darwin Kernel Version 21.6.0: Wed Aug 10 14:25:27 PDT 2022; root:xnu-8020.141.5~2/RELEASE_X86_64

/usr/bin/uname -p = i386
/bin/uname -X     = unknown

/bin/arch              = unknown
/usr/bin/arch -k       = unknown
/usr/convex/getsysinfo = unknown
/usr/bin/hostinfo      = Mach kernel version:
	 Darwin Kernel Version 21.6.0: Wed Aug 10 14:25:27 PDT 2022; root:xnu-8020.141.5~2/RELEASE_X86_64
Kernel configured for up to 8 processors.
4 processors are physically available.
8 processors are logically available.
Processor type: x86_64h (Intel x86-64h Haswell)
Processors active: 0 1 2 3 4 5 6 7
Primary memory available: 16.00 gigabytes
Default processor set: 799 tasks, 4199 threads, 8 processors
Load average: 2.16, Mach factor: 5.84
/bin/machine           = unknown
/usr/bin/oslevel       = unknown
/bin/universe          = unknown

PATH: /Users/avialle/dev/emsdk/upstream/emscripten/cache/sysroot/bin/
PATH: /Users/avialle/dev/emsdk/
PATH: /Users/avialle/dev/emsdk/upstream/emscripten/
PATH: /Users/avialle/dev/emsdk/node/14.18.2_64bit/bin/
PATH: /Library/Java/JavaVirtualMachines/jdk1.8.0_351.jdk/Contents/Home/bin/
PATH: /usr/local/bin/
PATH: /usr/bin/
PATH: /bin/
PATH: /usr/sbin/
PATH: /sbin/
PATH: /usr/local/MacGPG2/bin/
PATH: /Applications/Keybase.app/Contents/SharedSupport/bin/
PATH: /opt/X11/bin/
PATH: /Library/Apple/usr/bin/
PATH: /Applications/Wireshark.app/Contents/MacOS/
PATH: /Users/avialle/Library/Android/sdk/cmdline-tools/latest/bin/


## ----------- ##
## Core tests. ##
## ----------- ##

configure:2521: looking for aux files: ltmain.sh compile ar-lib missing install-sh config.guess config.sub
configure:2534:  trying ./
configure:2563:   ./ltmain.sh found
configure:2563:   ./compile found
configure:2563:   ./ar-lib found
configure:2563:   ./missing found
configure:2545:   ./install-sh found
configure:2563:   ./config.guess found
configure:2563:   ./config.sub found
configure:2681: checking build system type
configure:2696: result: x86_64-apple-darwin21.6.0
configure:2716: checking host system type
configure:2730: result: x86_64-apple-darwin21.6.0
configure:2768: checking for a BSD-compatible install
configure:2841: result: /usr/bin/install -c
configure:2852: checking whether build environment is sane
configure:2907: result: yes
configure:3066: checking for a race-free mkdir -p
configure:3110: result: ./install-sh -c -d
configure:3117: checking for gawk
configure:3152: result: no
configure:3117: checking for mawk
configure:3152: result: no
configure:3117: checking for nawk
configure:3152: result: no
configure:3117: checking for awk
configure:3138: found /usr/bin/awk
configure:3149: result: awk
configure:3160: checking whether make sets $(MAKE)
configure:3183: result: yes
configure:3213: checking whether make supports nested variables
configure:3231: result: yes
configure:3381: checking whether make supports the include directive
configure:3396: make -f confmf.GNU && cat confinc.out
this is the am__doit target
configure:3399: $? = 0
configure:3418: result: yes (GNU style)
configure:3494: checking for gcc
configure:3526: result: /Users/avialle/dev/emsdk/upstream/emscripten/emcc
configure:3879: checking for C compiler version
configure:3888: /Users/avialle/dev/emsdk/upstream/emscripten/emcc --version >&5
emcc (Emscripten gcc/clang-like replacement + linker emulating GNU ld) 3.1.20 (5d878c99921ec247d34fb26a20b5a13d60d69e93)
Copyright (C) 2014 the Emscripten authors (see AUTHORS.txt)
This is free and open source software under the MIT license.
There is NO warranty; not even for MERCHANTABILITY or FITNESS FOR A PARTICULAR PURPOSE.

configure:3899: $? = 0
configure:3888: /Users/avialle/dev/emsdk/upstream/emscripten/emcc -v >&5
emcc (Emscripten gcc/clang-like replacement + linker emulating GNU ld) 3.1.20 (5d878c99921ec247d34fb26a20b5a13d60d69e93)
clang version 16.0.0 (https://github.com/llvm/llvm-project 75767a0f9a926641edbef08e31ec2148ff45da67)
Target: wasm32-unknown-emscripten
Thread model: posix
InstalledDir: /Users/avialle/dev/emsdk/upstream/bin
configure:3899: $? = 0
configure:3888: /Users/avialle/dev/emsdk/upstream/emscripten/emcc -V >&5
emcc: error: no input files
configure:3899: $? = 1
configure:3888: /Users/avialle/dev/emsdk/upstream/emscripten/emcc -qversion >&5
emcc: error: no input files
configure:3899: $? = 1
configure:3888: /Users/avialle/dev/emsdk/upstream/emscripten/emcc -version >&5
emcc: error: no input files
configure:3899: $? = 1
configure:3919: checking whether the C compiler works
configure:3941: /Users/avialle/dev/emsdk/upstream/emscripten/emcc -O3 -I/opt/local/www/apache2/html/imagick/image_magick/include -L/opt/local/www/apache2/html/imagick/image_magick/lib -sASSERTIONS=1 -sALLOW_MEMORY_GROWTH=1 conftest.c  >&5
configure:3945: $? = 0
configure:3995: result: yes
configure:3998: checking for C compiler default output file name
configure:4000: result: a.out
configure:4006: checking for suffix of executables
configure:4013: /Users/avialle/dev/emsdk/upstream/emscripten/emcc -o conftest -O3 -I/opt/local/www/apache2/html/imagick/image_magick/include -L/opt/local/www/apache2/html/imagick/image_magick/lib -sASSERTIONS=1 -sALLOW_MEMORY_GROWTH=1 conftest.c  >&5
configure:4017: $? = 0
configure:4040: result: 
configure:4062: checking whether we are cross compiling
configure:4070: /Users/avialle/dev/emsdk/upstream/emscripten/emcc -o conftest -O3 -I/opt/local/www/apache2/html/imagick/image_magick/include -L/opt/local/www/apache2/html/imagick/image_magick/lib -sASSERTIONS=1 -sALLOW_MEMORY_GROWTH=1 conftest.c  >&5
configure:4074: $? = 0
configure:4081: ./conftest
configure:4085: $? = 0
configure:4100: result: no
configure:4105: checking for suffix of object files
configure:4128: /Users/avialle/dev/emsdk/upstream/emscripten/emcc -c -O3 -I/opt/local/www/apache2/html/imagick/image_magick/include conftest.c >&5
configure:4132: $? = 0
configure:4154: result: o
configure:4158: checking whether the compiler supports GNU C
configure:4178: /Users/avialle/dev/emsdk/upstream/emscripten/emcc -c -O3 -I/opt/local/www/apache2/html/imagick/image_magick/include conftest.c >&5
configure:4178: $? = 0
configure:4188: result: yes
configure:4199: checking whether /Users/avialle/dev/emsdk/upstream/emscripten/emcc accepts -g
configure:4220: /Users/avialle/dev/emsdk/upstream/emscripten/emcc -c -g -I/opt/local/www/apache2/html/imagick/image_magick/include conftest.c >&5
configure:4220: $? = 0
configure:4264: result: yes
configure:4284: checking for /Users/avialle/dev/emsdk/upstream/emscripten/emcc option to enable C11 features
configure:4299: /Users/avialle/dev/emsdk/upstream/emscripten/emcc  -c -O3 -I/opt/local/www/apache2/html/imagick/image_magick/include conftest.c >&5
conftest.c:25:14: warning: a function definition without a prototype is deprecated in all versions of C and is not supported in C2x [-Wdeprecated-non-prototype]
static char *e (p, i)
             ^
1 warning generated.
configure:4299: $? = 0
configure:4317: result: none needed
configure:4433: checking whether /Users/avialle/dev/emsdk/upstream/emscripten/emcc understands -c and -o together
configure:4456: /Users/avialle/dev/emsdk/upstream/emscripten/emcc -c conftest.c -o conftest2.o
configure:4459: $? = 0
configure:4456: /Users/avialle/dev/emsdk/upstream/emscripten/emcc -c conftest.c -o conftest2.o
configure:4459: $? = 0
configure:4471: result: yes
configure:4490: checking dependency style of /Users/avialle/dev/emsdk/upstream/emscripten/emcc
configure:4602: result: gcc3
configure:4731: checking the archiver (/Users/avialle/dev/emsdk/upstream/emscripten/emar) interface
configure:4748: /Users/avialle/dev/emsdk/upstream/emscripten/emcc -c -O3 -I/opt/local/www/apache2/html/imagick/image_magick/include conftest.c >&5
configure:4748: $? = 0
configure:4751: /Users/avialle/dev/emsdk/upstream/emscripten/emar cru libconftest.a conftest.o >&5
configure:4754: $? = 0
configure:4782: result: ar
configure:4850: checking how to print strings
configure:4877: result: printf
configure:4898: checking for a sed that does not truncate output
configure:4968: result: /usr/local/bin/gsed
configure:4986: checking for grep that handles long lines and -e
configure:5050: result: /usr/bin/grep
configure:5055: checking for egrep
configure:5123: result: /usr/bin/grep -E
configure:5128: checking for fgrep
configure:5196: result: /usr/bin/grep -F
configure:5232: checking for ld used by /Users/avialle/dev/emsdk/upstream/emscripten/emcc
emcc: error: no input files
configure:5300: result: /Users/avialle/dev/emsdk/upstream/emscripten/emcc
configure:5307: checking if the linker (/Users/avialle/dev/emsdk/upstream/emscripten/emcc) is GNU ld
configure:5323: result: yes
configure:5335: checking for BSD- or MS-compatible name lister (nm)
configure:5390: result: /Users/avialle/dev/emsdk/upstream/bin/llvm-nm
configure:5530: checking the name lister (/Users/avialle/dev/emsdk/upstream/bin/llvm-nm) interface
configure:5538: /Users/avialle/dev/emsdk/upstream/emscripten/emcc -c -O3 -I/opt/local/www/apache2/html/imagick/image_magick/include conftest.c >&5
configure:5541: /Users/avialle/dev/emsdk/upstream/bin/llvm-nm "conftest.o"
configure:5544: output
00000000 D some_variable
configure:5551: result: BSD nm
configure:5554: checking whether ln -s works
configure:5558: result: yes
configure:5566: checking the maximum length of command line arguments
configure:5698: result: 786432
configure:5746: checking how to convert x86_64-apple-darwin21.6.0 file names to x86_64-apple-darwin21.6.0 format
configure:5787: result: func_convert_file_noop
configure:5794: checking how to convert x86_64-apple-darwin21.6.0 file names to toolchain format
configure:5815: result: func_convert_file_noop
configure:5822: checking for /Users/avialle/dev/emsdk/upstream/emscripten/emcc option to reload object files
configure:5830: result: -r
configure:5909: checking for file
configure:5930: found /usr/bin/file
configure:5941: result: file
configure:6017: checking for objdump
configure:6038: found /usr/bin/objdump
configure:6049: result: objdump
configure:6081: checking how to recognize dependent libraries
configure:6282: result: pass_all
configure:6372: checking for dlltool
configure:6407: result: no
configure:6437: checking how to associate runtime and link libraries
configure:6465: result: printf %s\n
configure:6615: checking for archiver @FILE support
configure:6633: /Users/avialle/dev/emsdk/upstream/emscripten/emcc -c -O3 -I/opt/local/www/apache2/html/imagick/image_magick/include conftest.c >&5
configure:6633: $? = 0
configure:6637: /Users/avialle/dev/emsdk/upstream/emscripten/emar cr libconftest.a @conftest.lst >&5
configure:6640: $? = 0
configure:6645: /Users/avialle/dev/emsdk/upstream/emscripten/emar cr libconftest.a @conftest.lst >&5
/Users/avialle/dev/emsdk/upstream/bin/llvm-ar: error: conftest.o: No such file or directory
configure:6648: $? = 1
configure:6660: result: @
configure:6723: checking for strip
configure:6744: found /usr/bin/strip
configure:6755: result: strip
configure:6832: checking for ranlib
configure:6864: result: /Users/avialle/dev/emsdk/upstream/emscripten/emranlib
configure:6966: checking command to parse /Users/avialle/dev/emsdk/upstream/bin/llvm-nm output from /Users/avialle/dev/emsdk/upstream/emscripten/emcc object
configure:7120: /Users/avialle/dev/emsdk/upstream/emscripten/emcc -c -O3 -I/opt/local/www/apache2/html/imagick/image_magick/include conftest.c >&5
configure:7123: $? = 0
configure:7127: /Users/avialle/dev/emsdk/upstream/bin/llvm-nm conftest.o | /usr/local/bin/gsed -n -e 's/^.*[	 ]\([ABCDGIRSTW][ABCDGIRSTW]*\)[	 ][	 ]*\([_A-Za-z][_A-Za-z0-9]*\)$/\1 \2 \2/p' | /usr/local/bin/gsed '/ __gnu_lto/d' > conftest.nm
configure:7193: /Users/avialle/dev/emsdk/upstream/emscripten/emcc -o conftest -O3 -I/opt/local/www/apache2/html/imagick/image_magick/include -L/opt/local/www/apache2/html/imagick/image_magick/lib -sASSERTIONS=1 -sALLOW_MEMORY_GROWTH=1 conftest.c conftstm.o >&5
configure:7196: $? = 0
configure:7234: result: ok
configure:7281: checking for sysroot
configure:7312: result: no
configure:7319: checking for a working dd
configure:7363: result: /bin/dd
configure:7367: checking how to truncate binary pipes
configure:7383: result: /bin/dd bs=4096 count=1
configure:7720: checking for mt
configure:7755: result: no
configure:7775: checking if : is a manifest tool
configure:7782: : '-?'
configure:7790: result: no
configure:7851: checking for dsymutil
configure:7872: found /usr/bin/dsymutil
configure:7883: result: dsymutil
configure:7953: checking for nmedit
configure:7974: found /usr/bin/nmedit
configure:7985: result: nmedit
configure:8055: checking for lipo
configure:8076: found /usr/bin/lipo
configure:8087: result: lipo
configure:8157: checking for otool
configure:8178: found /usr/bin/otool
configure:8189: result: otool
configure:8259: checking for otool64
configure:8294: result: no
configure:8339: checking for -single_module linker flag
/Users/avialle/dev/emsdk/upstream/emscripten/emcc -O3 -L/opt/local/www/apache2/html/imagick/image_magick/lib -sASSERTIONS=1 -sALLOW_MEMORY_GROWTH=1 -o libconftest.dylib -dynamiclib -Wl,-single_module conftest.c
clang-16: warning: argument unused during compilation: '-dynamiclib' [-Wunused-command-line-argument]
emcc: warning: object file output extension (.dylib) used for non-object output.  If you meant to build an object file please use `-c, `-r`, or `-shared` [-Wemcc]
wasm-ld: error: unknown argument: -single_module
emcc: error: '/Users/avialle/dev/emsdk/upstream/bin/wasm-ld -o libconftest.wasm -L/opt/local/www/apache2/html/imagick/image_magick/lib -single_module /var/folders/s1/_0hxlcq5279cj_4q7x4nqz400000gn/T/emscripten_temp_ye8jjg_z/conftest_0.o -L/Users/avialle/dev/emsdk/upstream/emscripten/cache/sysroot/lib/wasm32-emscripten -lGL -lal -lhtml5 -lstubs-debug -lc-debug -ldlmalloc -lcompiler_rt -lc++-noexcept -lc++abi-noexcept -lsockets -mllvm -combiner-global-alias-analysis=false -mllvm -enable-emscripten-sjlj -mllvm -disable-lsr --import-undefined --strip-debug --export-if-defined=main --export-if-defined=__start_em_asm --export-if-defined=__stop_em_asm --export-if-defined=__start_em_js --export-if-defined=__stop_em_js --export-if-defined=__main_argc_argv --export-if-defined=fflush --export=emscripten_stack_get_end --export=emscripten_stack_get_free --export=emscripten_stack_get_base --export=emscripten_stack_init --export=stackSave --export=stackRestore --export=stackAlloc --export=__wasm_call_ctors --export=__errno_location --export=__get_temp_ret --export=__set_temp_ret --export=__funcs_on_exit --export-table -z stack-size=5242880 --initial-memory=16777216 --no-entry --max-memory=2147483648 --global-base=1024' failed (returned 1)
configure:8373: result: no
configure:8376: checking for -exported_symbols_list linker flag
configure:8397: /Users/avialle/dev/emsdk/upstream/emscripten/emcc -o conftest -O3 -I/opt/local/www/apache2/html/imagick/image_magick/include -L/opt/local/www/apache2/html/imagick/image_magick/lib -sASSERTIONS=1 -sALLOW_MEMORY_GROWTH=1 -Wl,-exported_symbols_list,conftest.sym conftest.c  >&5
wasm-ld: error: unknown file type: conftest.sym
emcc: error: '/Users/avialle/dev/emsdk/upstream/bin/wasm-ld -o conftest.wasm -L/opt/local/www/apache2/html/imagick/image_magick/lib -exported_symbols_list conftest.sym /var/folders/s1/_0hxlcq5279cj_4q7x4nqz400000gn/T/emscripten_temp__427gkwi/conftest_0.o -L/Users/avialle/dev/emsdk/upstream/emscripten/cache/sysroot/lib/wasm32-emscripten -lGL -lal -lhtml5 -lstubs-debug -lc-debug -ldlmalloc -lcompiler_rt -lc++-noexcept -lc++abi-noexcept -lsockets -mllvm -combiner-global-alias-analysis=false -mllvm -enable-emscripten-sjlj -mllvm -disable-lsr --import-undefined --strip-debug --export-if-defined=main --export-if-defined=__start_em_asm --export-if-defined=__stop_em_asm --export-if-defined=__start_em_js --export-if-defined=__stop_em_js --export-if-defined=__main_argc_argv --export-if-defined=fflush --export=emscripten_stack_get_end --export=emscripten_stack_get_free --export=emscripten_stack_get_base --export=emscripten_stack_init --export=stackSave --export=stackRestore --export=stackAlloc --export=__wasm_call_ctors --export=__errno_location --export=__get_temp_ret --export=__set_temp_ret --export=__funcs_on_exit --export-table -z stack-size=5242880 --initial-memory=16777216 --no-entry --max-memory=2147483648 --global-base=1024' failed (returned 1)
configure:8397: $? = 1
configure: failed program was:
| /* confdefs.h */
| #define PACKAGE_NAME "libwebp"
| #define PACKAGE_TARNAME "libwebp"
| #define PACKAGE_VERSION "1.2.4"
| #define PACKAGE_STRING "libwebp 1.2.4"
| #define PACKAGE_BUGREPORT "https://bugs.chromium.org/p/webp"
| #define PACKAGE_URL "https://developers.google.com/speed/webp"
| #define PACKAGE "libwebp"
| #define VERSION "1.2.4"
| /* end confdefs.h.  */
| 
| int
| main (void)
| {
| 
|   ;
|   return 0;
| }
configure:8408: result: no
configure:8411: checking for -force_load linker flag
/Users/avialle/dev/emsdk/upstream/emscripten/emcc -O3 -c -o conftest.o conftest.c
/Users/avialle/dev/emsdk/upstream/emscripten/emar cr libconftest.a conftest.o
/Users/avialle/dev/emsdk/upstream/emscripten/emranlib libconftest.a
/Users/avialle/dev/emsdk/upstream/emscripten/emcc -O3 -L/opt/local/www/apache2/html/imagick/image_magick/lib -sASSERTIONS=1 -sALLOW_MEMORY_GROWTH=1 -o conftest conftest.c -Wl,-force_load,./libconftest.a
wasm-ld: error: unknown argument: -force_load
emcc: error: '/Users/avialle/dev/emsdk/upstream/bin/wasm-ld -o conftest.wasm -L/opt/local/www/apache2/html/imagick/image_magick/lib /var/folders/s1/_0hxlcq5279cj_4q7x4nqz400000gn/T/emscripten_temp_2ytj3ieq/conftest_0.o -force_load ./libconftest.a -L/Users/avialle/dev/emsdk/upstream/emscripten/cache/sysroot/lib/wasm32-emscripten -lGL -lal -lhtml5 -lstubs-debug -lc-debug -ldlmalloc -lcompiler_rt -lc++-noexcept -lc++abi-noexcept -lsockets -mllvm -combiner-global-alias-analysis=false -mllvm -enable-emscripten-sjlj -mllvm -disable-lsr --import-undefined --strip-debug --export-if-defined=main --export-if-defined=__start_em_asm --export-if-defined=__stop_em_asm --export-if-defined=__start_em_js --export-if-defined=__stop_em_js --export-if-defined=__main_argc_argv --export-if-defined=fflush --export=emscripten_stack_get_end --export=emscripten_stack_get_free --export=emscripten_stack_get_base --export=emscripten_stack_init --export=stackSave --export=stackRestore --export=stackAlloc --export=__wasm_call_ctors --export=__errno_location --export=__get_temp_ret --export=__set_temp_ret --export=__funcs_on_exit --export-table -z stack-size=5242880 --initial-memory=16777216 --no-entry --max-memory=2147483648 --global-base=1024' failed (returned 1)
configure:8444: result: no
configure:8515: checking for stdio.h
configure:8515: /Users/avialle/dev/emsdk/upstream/emscripten/emcc -c -O3 -I/opt/local/www/apache2/html/imagick/image_magick/include conftest.c >&5
configure:8515: $? = 0
configure:8515: result: yes
configure:8515: checking for stdlib.h
configure:8515: /Users/avialle/dev/emsdk/upstream/emscripten/emcc -c -O3 -I/opt/local/www/apache2/html/imagick/image_magick/include conftest.c >&5
configure:8515: $? = 0
configure:8515: result: yes
configure:8515: checking for string.h
configure:8515: /Users/avialle/dev/emsdk/upstream/emscripten/emcc -c -O3 -I/opt/local/www/apache2/html/imagick/image_magick/include conftest.c >&5
configure:8515: $? = 0
configure:8515: result: yes
configure:8515: checking for inttypes.h
configure:8515: /Users/avialle/dev/emsdk/upstream/emscripten/emcc -c -O3 -I/opt/local/www/apache2/html/imagick/image_magick/include conftest.c >&5
configure:8515: $? = 0
configure:8515: result: yes
configure:8515: checking for stdint.h
configure:8515: /Users/avialle/dev/emsdk/upstream/emscripten/emcc -c -O3 -I/opt/local/www/apache2/html/imagick/image_magick/include conftest.c >&5
configure:8515: $? = 0
configure:8515: result: yes
configure:8515: checking for strings.h
configure:8515: /Users/avialle/dev/emsdk/upstream/emscripten/emcc -c -O3 -I/opt/local/www/apache2/html/imagick/image_magick/include conftest.c >&5
configure:8515: $? = 0
configure:8515: result: yes
configure:8515: checking for sys/stat.h
configure:8515: /Users/avialle/dev/emsdk/upstream/emscripten/emcc -c -O3 -I/opt/local/www/apache2/html/imagick/image_magick/include conftest.c >&5
configure:8515: $? = 0
configure:8515: result: yes
configure:8515: checking for sys/types.h
configure:8515: /Users/avialle/dev/emsdk/upstream/emscripten/emcc -c -O3 -I/opt/local/www/apache2/html/imagick/image_magick/include conftest.c >&5
configure:8515: $? = 0
configure:8515: result: yes
configure:8515: checking for unistd.h
configure:8515: /Users/avialle/dev/emsdk/upstream/emscripten/emcc -c -O3 -I/opt/local/www/apache2/html/imagick/image_magick/include conftest.c >&5
configure:8515: $? = 0
configure:8515: result: yes
configure:8540: checking for dlfcn.h
configure:8540: /Users/avialle/dev/emsdk/upstream/emscripten/emcc -c -O3 -I/opt/local/www/apache2/html/imagick/image_magick/include conftest.c >&5
configure:8540: $? = 0
configure:8540: result: yes
configure:8799: checking for objdir
configure:8815: result: .libs
configure:9079: checking if /Users/avialle/dev/emsdk/upstream/emscripten/emcc supports -fno-rtti -fno-exceptions
configure:9098: /Users/avialle/dev/emsdk/upstream/emscripten/emcc -c -O3 -I/opt/local/www/apache2/html/imagick/image_magick/include -fno-rtti -fno-exceptions conftest.c >&5
configure:9102: $? = 0
configure:9115: result: yes
configure:9479: checking for /Users/avialle/dev/emsdk/upstream/emscripten/emcc option to produce PIC
configure:9487: result: -fno-common -DPIC
configure:9495: checking if /Users/avialle/dev/emsdk/upstream/emscripten/emcc PIC flag -fno-common -DPIC works
configure:9514: /Users/avialle/dev/emsdk/upstream/emscripten/emcc -c -O3 -I/opt/local/www/apache2/html/imagick/image_magick/include -fno-common -DPIC -DPIC conftest.c >&5
configure:9518: $? = 0
configure:9531: result: yes
configure:9560: checking if /Users/avialle/dev/emsdk/upstream/emscripten/emcc static flag -static works
configure:9589: result: yes
configure:9604: checking if /Users/avialle/dev/emsdk/upstream/emscripten/emcc supports -c -o file.o
configure:9626: /Users/avialle/dev/emsdk/upstream/emscripten/emcc -c -O3 -I/opt/local/www/apache2/html/imagick/image_magick/include -o out/conftest2.o conftest.c >&5
configure:9630: $? = 0
configure:9652: result: yes
configure:9660: checking if /Users/avialle/dev/emsdk/upstream/emscripten/emcc supports -c -o file.o
configure:9708: result: yes
configure:9741: checking whether the /Users/avialle/dev/emsdk/upstream/emscripten/emcc linker (/Users/avialle/dev/emsdk/upstream/emscripten/emcc) supports shared libraries
configure:11015: result: yes
configure:11256: checking dynamic linker characteristics
configure:12089: result: darwin21.6.0 dyld
configure:12211: checking how to hardcode library paths into programs
configure:12236: result: immediate
configure:12788: checking whether stripping libraries is possible
configure:12805: result: yes
configure:12839: checking if libtool supports shared libraries
configure:12841: result: yes
configure:12844: checking whether to build shared libraries
configure:12869: result: no
configure:12872: checking whether to build static libraries
configure:12876: result: yes
configure:12913: checking for a sed that does not truncate output
configure:12983: result: /usr/local/bin/gsed
configure:13002: checking whether make supports nested variables
configure:13020: result: yes
configure:13032: checking whether byte ordering is bigendian
configure:13048: /Users/avialle/dev/emsdk/upstream/emscripten/emcc -c -O3 -I/opt/local/www/apache2/html/imagick/image_magick/include conftest.c >&5
conftest.c:24:9: error: unknown type name 'not'
               not a universal capable compiler
               ^
conftest.c:24:14: error: expected ';' after top level declarator
               not a universal capable compiler
                    ^
                    ;
2 errors generated.
emcc: error: '/Users/avialle/dev/emsdk/upstream/bin/clang -target wasm32-unknown-emscripten -fignore-exceptions -fvisibility=default -mllvm -combiner-global-alias-analysis=false -mllvm -enable-emscripten-sjlj -mllvm -disable-lsr -DEMSCRIPTEN -D__EMSCRIPTEN_major__=3 -D__EMSCRIPTEN_minor__=1 -D__EMSCRIPTEN_tiny__=20 -Werror=implicit-function-declaration -I/Users/avialle/dev/emsdk/upstream/emscripten/cache/sysroot/include/SDL --sysroot=/Users/avialle/dev/emsdk/upstream/emscripten/cache/sysroot -Xclang -iwithsysroot/include/compat -c -O3 -I/opt/local/www/apache2/html/imagick/image_magick/include conftest.c -o conftest.o' failed (returned 1)
configure:13048: $? = 1
configure: failed program was:
| /* confdefs.h */
| #define PACKAGE_NAME "libwebp"
| #define PACKAGE_TARNAME "libwebp"
| #define PACKAGE_VERSION "1.2.4"
| #define PACKAGE_STRING "libwebp 1.2.4"
| #define PACKAGE_BUGREPORT "https://bugs.chromium.org/p/webp"
| #define PACKAGE_URL "https://developers.google.com/speed/webp"
| #define PACKAGE "libwebp"
| #define VERSION "1.2.4"
| #define HAVE_STDIO_H 1
| #define HAVE_STDLIB_H 1
| #define HAVE_STRING_H 1
| #define HAVE_INTTYPES_H 1
| #define HAVE_STDINT_H 1
| #define HAVE_STRINGS_H 1
| #define HAVE_SYS_STAT_H 1
| #define HAVE_SYS_TYPES_H 1
| #define HAVE_UNISTD_H 1
| #define STDC_HEADERS 1
| #define HAVE_DLFCN_H 1
| #define LT_OBJDIR ".libs/"
| /* end confdefs.h.  */
| #ifndef __APPLE_CC__
| 	       not a universal capable compiler
| 	     #endif
| 	     typedef int dummy;
| 
configure:13094: /Users/avialle/dev/emsdk/upstream/emscripten/emcc -c -O3 -I/opt/local/www/apache2/html/imagick/image_magick/include conftest.c >&5
configure:13094: $? = 0
configure:13113: /Users/avialle/dev/emsdk/upstream/emscripten/emcc -c -O3 -I/opt/local/www/apache2/html/imagick/image_magick/include conftest.c >&5
conftest.c:30:4: error: use of undeclared identifier 'not'
                 not big endian
                 ^
1 error generated.
emcc: error: '/Users/avialle/dev/emsdk/upstream/bin/clang -target wasm32-unknown-emscripten -fignore-exceptions -fvisibility=default -mllvm -combiner-global-alias-analysis=false -mllvm -enable-emscripten-sjlj -mllvm -disable-lsr -DEMSCRIPTEN -D__EMSCRIPTEN_major__=3 -D__EMSCRIPTEN_minor__=1 -D__EMSCRIPTEN_tiny__=20 -Werror=implicit-function-declaration -I/Users/avialle/dev/emsdk/upstream/emscripten/cache/sysroot/include/SDL --sysroot=/Users/avialle/dev/emsdk/upstream/emscripten/cache/sysroot -Xclang -iwithsysroot/include/compat -c -O3 -I/opt/local/www/apache2/html/imagick/image_magick/include conftest.c -o conftest.o' failed (returned 1)
configure:13113: $? = 1
configure: failed program was:
| /* confdefs.h */
| #define PACKAGE_NAME "libwebp"
| #define PACKAGE_TARNAME "libwebp"
| #define PACKAGE_VERSION "1.2.4"
| #define PACKAGE_STRING "libwebp 1.2.4"
| #define PACKAGE_BUGREPORT "https://bugs.chromium.org/p/webp"
| #define PACKAGE_URL "https://developers.google.com/speed/webp"
| #define PACKAGE "libwebp"
| #define VERSION "1.2.4"
| #define HAVE_STDIO_H 1
| #define HAVE_STDLIB_H 1
| #define HAVE_STRING_H 1
| #define HAVE_INTTYPES_H 1
| #define HAVE_STDINT_H 1
| #define HAVE_STRINGS_H 1
| #define HAVE_SYS_STAT_H 1
| #define HAVE_SYS_TYPES_H 1
| #define HAVE_UNISTD_H 1
| #define STDC_HEADERS 1
| #define HAVE_DLFCN_H 1
| #define LT_OBJDIR ".libs/"
| /* end confdefs.h.  */
| #include <sys/types.h>
| 		#include <sys/param.h>
| 
| int
| main (void)
| {
| #if BYTE_ORDER != BIG_ENDIAN
| 		 not big endian
| 		#endif
| 
|   ;
|   return 0;
| }
configure:13247: result: no
configure:13279: checking whether libwebpmux is to be built
configure:13289: result: yes
configure:13300: checking whether libwebpdemux is to be built
configure:13310: result: yes
configure:13321: checking whether decoder library is to be built
configure:13329: result: no
configure:13340: checking whether libwebpextras is to be built
configure:13348: result: no
configure:13360: checking whether asserts are enabled
configure:13371: result: no
configure:13389: checking whether /Users/avialle/dev/emsdk/upstream/emscripten/emcc supports -fvisibility=hidden
configure:13395: /Users/avialle/dev/emsdk/upstream/emscripten/emcc -c -Werror -fvisibility=hidden -I/opt/local/www/apache2/html/imagick/image_magick/include conftest.c >&5
configure:13395: $? = 0
configure:13397: result: yes
configure:13408: checking whether /Users/avialle/dev/emsdk/upstream/emscripten/emcc supports -Wall
configure:13414: /Users/avialle/dev/emsdk/upstream/emscripten/emcc -c -Werror -Wall -I/opt/local/www/apache2/html/imagick/image_magick/include conftest.c >&5
configure:13414: $? = 0
configure:13416: result: yes
configure:13427: checking whether /Users/avialle/dev/emsdk/upstream/emscripten/emcc supports -Wconstant-conversion
configure:13433: /Users/avialle/dev/emsdk/upstream/emscripten/emcc -c -Werror -Wconstant-conversion -I/opt/local/www/apache2/html/imagick/image_magick/include conftest.c >&5
configure:13433: $? = 0
configure:13435: result: yes
configure:13446: checking whether /Users/avialle/dev/emsdk/upstream/emscripten/emcc supports -Wdeclaration-after-statement
configure:13452: /Users/avialle/dev/emsdk/upstream/emscripten/emcc -c -Werror -Wdeclaration-after-statement -I/opt/local/www/apache2/html/imagick/image_magick/include conftest.c >&5
configure:13452: $? = 0
configure:13454: result: yes
configure:13465: checking whether /Users/avialle/dev/emsdk/upstream/emscripten/emcc supports -Wextra
configure:13471: /Users/avialle/dev/emsdk/upstream/emscripten/emcc -c -Werror -Wextra -I/opt/local/www/apache2/html/imagick/image_magick/include conftest.c >&5
configure:13471: $? = 0
configure:13473: result: yes
configure:13484: checking whether /Users/avialle/dev/emsdk/upstream/emscripten/emcc supports -Wfloat-conversion
configure:13490: /Users/avialle/dev/emsdk/upstream/emscripten/emcc -c -Werror -Wfloat-conversion -I/opt/local/www/apache2/html/imagick/image_magick/include conftest.c >&5
configure:13490: $? = 0
configure:13492: result: yes
configure:13503: checking whether /Users/avialle/dev/emsdk/upstream/emscripten/emcc supports -Wformat -Wformat-nonliteral
configure:13509: /Users/avialle/dev/emsdk/upstream/emscripten/emcc -c -Werror -Wformat -Wformat-nonliteral -I/opt/local/www/apache2/html/imagick/image_magick/include conftest.c >&5
configure:13509: $? = 0
configure:13511: result: yes
configure:13522: checking whether /Users/avialle/dev/emsdk/upstream/emscripten/emcc supports -Wformat -Wformat-security
configure:13528: /Users/avialle/dev/emsdk/upstream/emscripten/emcc -c -Werror -Wformat -Wformat-security -I/opt/local/www/apache2/html/imagick/image_magick/include conftest.c >&5
configure:13528: $? = 0
configure:13530: result: yes
configure:13541: checking whether /Users/avialle/dev/emsdk/upstream/emscripten/emcc supports -Wmissing-declarations
configure:13547: /Users/avialle/dev/emsdk/upstream/emscripten/emcc -c -Werror -Wmissing-declarations -I/opt/local/www/apache2/html/imagick/image_magick/include conftest.c >&5
configure:13547: $? = 0
configure:13549: result: yes
configure:13560: checking whether /Users/avialle/dev/emsdk/upstream/emscripten/emcc supports -Wmissing-prototypes
configure:13566: /Users/avialle/dev/emsdk/upstream/emscripten/emcc -c -Werror -Wmissing-prototypes -I/opt/local/www/apache2/html/imagick/image_magick/include conftest.c >&5
configure:13566: $? = 0
configure:13568: result: yes
configure:13579: checking whether /Users/avialle/dev/emsdk/upstream/emscripten/emcc supports -Wold-style-definition
configure:13585: /Users/avialle/dev/emsdk/upstream/emscripten/emcc -c -Werror -Wold-style-definition -I/opt/local/www/apache2/html/imagick/image_magick/include conftest.c >&5
configure:13585: $? = 0
configure:13587: result: yes
configure:13598: checking whether /Users/avialle/dev/emsdk/upstream/emscripten/emcc supports -Wparentheses-equality
configure:13604: /Users/avialle/dev/emsdk/upstream/emscripten/emcc -c -Werror -Wparentheses-equality -I/opt/local/www/apache2/html/imagick/image_magick/include conftest.c >&5
configure:13604: $? = 0
configure:13606: result: yes
configure:13617: checking whether /Users/avialle/dev/emsdk/upstream/emscripten/emcc supports -Wshadow
configure:13623: /Users/avialle/dev/emsdk/upstream/emscripten/emcc -c -Werror -Wshadow -I/opt/local/www/apache2/html/imagick/image_magick/include conftest.c >&5
configure:13623: $? = 0
configure:13625: result: yes
configure:13636: checking whether /Users/avialle/dev/emsdk/upstream/emscripten/emcc supports -Wshorten-64-to-32
configure:13642: /Users/avialle/dev/emsdk/upstream/emscripten/emcc -c -Werror -Wshorten-64-to-32 -I/opt/local/www/apache2/html/imagick/image_magick/include conftest.c >&5
configure:13642: $? = 0
configure:13644: result: yes
configure:13655: checking whether /Users/avialle/dev/emsdk/upstream/emscripten/emcc supports -Wundef
configure:13661: /Users/avialle/dev/emsdk/upstream/emscripten/emcc -c -Werror -Wundef -I/opt/local/www/apache2/html/imagick/image_magick/include conftest.c >&5
configure:13661: $? = 0
configure:13663: result: yes
configure:13674: checking whether /Users/avialle/dev/emsdk/upstream/emscripten/emcc supports -Wunreachable-code-aggressive
configure:13680: /Users/avialle/dev/emsdk/upstream/emscripten/emcc -c -Werror -Wunreachable-code-aggressive -I/opt/local/www/apache2/html/imagick/image_magick/include conftest.c >&5
configure:13680: $? = 0
configure:13682: result: yes
configure:13693: checking whether /Users/avialle/dev/emsdk/upstream/emscripten/emcc supports -Wunreachable-code
configure:13699: /Users/avialle/dev/emsdk/upstream/emscripten/emcc -c -Werror -Wunreachable-code -I/opt/local/www/apache2/html/imagick/image_magick/include conftest.c >&5
configure:13699: $? = 0
configure:13701: result: yes
configure:13712: checking whether /Users/avialle/dev/emsdk/upstream/emscripten/emcc supports -Wunused-but-set-variable
configure:13718: /Users/avialle/dev/emsdk/upstream/emscripten/emcc -c -Werror -Wunused-but-set-variable -I/opt/local/www/apache2/html/imagick/image_magick/include conftest.c >&5
configure:13718: $? = 0
configure:13720: result: yes
configure:13731: checking whether /Users/avialle/dev/emsdk/upstream/emscripten/emcc supports -Wunused
configure:13737: /Users/avialle/dev/emsdk/upstream/emscripten/emcc -c -Werror -Wunused -I/opt/local/www/apache2/html/imagick/image_magick/include conftest.c >&5
configure:13737: $? = 0
configure:13739: result: yes
configure:13750: checking whether /Users/avialle/dev/emsdk/upstream/emscripten/emcc supports -Wvla
configure:13756: /Users/avialle/dev/emsdk/upstream/emscripten/emcc -c -Werror -Wvla -I/opt/local/www/apache2/html/imagick/image_magick/include conftest.c >&5
configure:13756: $? = 0
configure:13758: result: yes
configure:13824: /Users/avialle/dev/emsdk/upstream/emscripten/emcc -c -O3 -I/opt/local/www/apache2/html/imagick/image_magick/include conftest.c >&5
configure:13824: $? = 0
configure:13867: checking whether /Users/avialle/dev/emsdk/upstream/emscripten/emcc supports -msse4.1
configure:13873: /Users/avialle/dev/emsdk/upstream/emscripten/emcc -c -Werror -msse4.1 -I/opt/local/www/apache2/html/imagick/image_magick/include conftest.c >&5
emcc: error: Passing any of -msse, -msse2, -msse3, -mssse3, -msse4.1, -msse4.2, -msse4, -mavx, -mfpu=neon flags also requires passing -msimd128 (or -mrelaxed-simd)!
configure:13873: $? = 1
configure: failed program was:
| /* confdefs.h */
| #define PACKAGE_NAME "libwebp"
| #define PACKAGE_TARNAME "libwebp"
| #define PACKAGE_VERSION "1.2.4"
| #define PACKAGE_STRING "libwebp 1.2.4"
| #define PACKAGE_BUGREPORT "https://bugs.chromium.org/p/webp"
| #define PACKAGE_URL "https://developers.google.com/speed/webp"
| #define PACKAGE "libwebp"
| #define VERSION "1.2.4"
| #define HAVE_STDIO_H 1
| #define HAVE_STDLIB_H 1
| #define HAVE_STRING_H 1
| #define HAVE_INTTYPES_H 1
| #define HAVE_STDINT_H 1
| #define HAVE_STRINGS_H 1
| #define HAVE_SYS_STAT_H 1
| #define HAVE_SYS_TYPES_H 1
| #define HAVE_UNISTD_H 1
| #define STDC_HEADERS 1
| #define HAVE_DLFCN_H 1
| #define LT_OBJDIR ".libs/"
| /* end confdefs.h.  */
| int main(void) { return 0; }
configure:13879: result: no
configure:13889: checking for smmintrin.h
configure:13889: /Users/avialle/dev/emsdk/upstream/emscripten/emcc -c -O3   -I/opt/local/www/apache2/html/imagick/image_magick/include conftest.c >&5
In file included from conftest.c:51:
/Users/avialle/dev/emsdk/upstream/emscripten/cache/sysroot/include/compat/smmintrin.h:11:2: error: "SSE4.1 instruction set not enabled"
#error "SSE4.1 instruction set not enabled"
 ^
In file included from conftest.c:51:
In file included from /Users/avialle/dev/emsdk/upstream/emscripten/cache/sysroot/include/compat/smmintrin.h:14:
/Users/avialle/dev/emsdk/upstream/emscripten/cache/sysroot/include/compat/tmmintrin.h:11:2: error: "SSSE3 instruction set not enabled"
#error "SSSE3 instruction set not enabled"
 ^
In file included from conftest.c:51:
In file included from /Users/avialle/dev/emsdk/upstream/emscripten/cache/sysroot/include/compat/smmintrin.h:14:
In file included from /Users/avialle/dev/emsdk/upstream/emscripten/cache/sysroot/include/compat/tmmintrin.h:14:
/Users/avialle/dev/emsdk/upstream/emscripten/cache/sysroot/include/compat/pmmintrin.h:11:2: error: "SSE3 instruction set not enabled"
#error "SSE3 instruction set not enabled"
 ^
In file included from conftest.c:51:
In file included from /Users/avialle/dev/emsdk/upstream/emscripten/cache/sysroot/include/compat/smmintrin.h:14:
In file included from /Users/avialle/dev/emsdk/upstream/emscripten/cache/sysroot/include/compat/tmmintrin.h:14:
In file included from /Users/avialle/dev/emsdk/upstream/emscripten/cache/sysroot/include/compat/pmmintrin.h:14:
/Users/avialle/dev/emsdk/upstream/emscripten/cache/sysroot/include/compat/emmintrin.h:11:2: error: "SSE2 instruction set not enabled"
#error "SSE2 instruction set not enabled"
 ^
In file included from conftest.c:51:
In file included from /Users/avialle/dev/emsdk/upstream/emscripten/cache/sysroot/include/compat/smmintrin.h:14:
In file included from /Users/avialle/dev/emsdk/upstream/emscripten/cache/sysroot/include/compat/tmmintrin.h:14:
In file included from /Users/avialle/dev/emsdk/upstream/emscripten/cache/sysroot/include/compat/pmmintrin.h:14:
In file included from /Users/avialle/dev/emsdk/upstream/emscripten/cache/sysroot/include/compat/emmintrin.h:14:
/Users/avialle/dev/emsdk/upstream/emscripten/cache/sysroot/include/compat/xmmintrin.h:16:2: error: "SSE instruction set not enabled"
#error "SSE instruction set not enabled"
 ^
5 errors generated.
emcc: error: '/Users/avialle/dev/emsdk/upstream/bin/clang -target wasm32-unknown-emscripten -fignore-exceptions -fvisibility=default -mllvm -combiner-global-alias-analysis=false -mllvm -enable-emscripten-sjlj -mllvm -disable-lsr -DEMSCRIPTEN -D__EMSCRIPTEN_major__=3 -D__EMSCRIPTEN_minor__=1 -D__EMSCRIPTEN_tiny__=20 -Werror=implicit-function-declaration -I/Users/avialle/dev/emsdk/upstream/emscripten/cache/sysroot/include/SDL --sysroot=/Users/avialle/dev/emsdk/upstream/emscripten/cache/sysroot -Xclang -iwithsysroot/include/compat -c -O3 -I/opt/local/www/apache2/html/imagick/image_magick/include conftest.c -o conftest.o' failed (returned 1)
configure:13889: $? = 1
configure: failed program was:
| /* confdefs.h */
| #define PACKAGE_NAME "libwebp"
| #define PACKAGE_TARNAME "libwebp"
| #define PACKAGE_VERSION "1.2.4"
| #define PACKAGE_STRING "libwebp 1.2.4"
| #define PACKAGE_BUGREPORT "https://bugs.chromium.org/p/webp"
| #define PACKAGE_URL "https://developers.google.com/speed/webp"
| #define PACKAGE "libwebp"
| #define VERSION "1.2.4"
| #define HAVE_STDIO_H 1
| #define HAVE_STDLIB_H 1
| #define HAVE_STRING_H 1
| #define HAVE_INTTYPES_H 1
| #define HAVE_STDINT_H 1
| #define HAVE_STRINGS_H 1
| #define HAVE_SYS_STAT_H 1
| #define HAVE_SYS_TYPES_H 1
| #define HAVE_UNISTD_H 1
| #define STDC_HEADERS 1
| #define HAVE_DLFCN_H 1
| #define LT_OBJDIR ".libs/"
| /* end confdefs.h.  */
| #include <stddef.h>
| #ifdef HAVE_STDIO_H
| # include <stdio.h>
| #endif
| #ifdef HAVE_STDLIB_H
| # include <stdlib.h>
| #endif
| #ifdef HAVE_STRING_H
| # include <string.h>
| #endif
| #ifdef HAVE_INTTYPES_H
| # include <inttypes.h>
| #endif
| #ifdef HAVE_STDINT_H
| # include <stdint.h>
| #endif
| #ifdef HAVE_STRINGS_H
| # include <strings.h>
| #endif
| #ifdef HAVE_SYS_TYPES_H
| # include <sys/types.h>
| #endif
| #ifdef HAVE_SYS_STAT_H
| # include <sys/stat.h>
| #endif
| #ifdef HAVE_UNISTD_H
| # include <unistd.h>
| #endif
| #include <smmintrin.h>
configure:13889: result: no
configure:13917: checking whether /Users/avialle/dev/emsdk/upstream/emscripten/emcc supports -msse2
configure:13923: /Users/avialle/dev/emsdk/upstream/emscripten/emcc -c -Werror -msse2 -I/opt/local/www/apache2/html/imagick/image_magick/include conftest.c >&5
emcc: error: Passing any of -msse, -msse2, -msse3, -mssse3, -msse4.1, -msse4.2, -msse4, -mavx, -mfpu=neon flags also requires passing -msimd128 (or -mrelaxed-simd)!
configure:13923: $? = 1
configure: failed program was:
| /* confdefs.h */
| #define PACKAGE_NAME "libwebp"
| #define PACKAGE_TARNAME "libwebp"
| #define PACKAGE_VERSION "1.2.4"
| #define PACKAGE_STRING "libwebp 1.2.4"
| #define PACKAGE_BUGREPORT "https://bugs.chromium.org/p/webp"
| #define PACKAGE_URL "https://developers.google.com/speed/webp"
| #define PACKAGE "libwebp"
| #define VERSION "1.2.4"
| #define HAVE_STDIO_H 1
| #define HAVE_STDLIB_H 1
| #define HAVE_STRING_H 1
| #define HAVE_INTTYPES_H 1
| #define HAVE_STDINT_H 1
| #define HAVE_STRINGS_H 1
| #define HAVE_SYS_STAT_H 1
| #define HAVE_SYS_TYPES_H 1
| #define HAVE_UNISTD_H 1
| #define STDC_HEADERS 1
| #define HAVE_DLFCN_H 1
| #define LT_OBJDIR ".libs/"
| /* end confdefs.h.  */
| int main(void) { return 0; }
configure:13929: result: no
configure:13939: checking for emmintrin.h
configure:13939: /Users/avialle/dev/emsdk/upstream/emscripten/emcc -c -O3   -I/opt/local/www/apache2/html/imagick/image_magick/include conftest.c >&5
In file included from conftest.c:51:
/Users/avialle/dev/emsdk/upstream/emscripten/cache/sysroot/include/compat/emmintrin.h:11:2: error: "SSE2 instruction set not enabled"
#error "SSE2 instruction set not enabled"
 ^
In file included from conftest.c:51:
In file included from /Users/avialle/dev/emsdk/upstream/emscripten/cache/sysroot/include/compat/emmintrin.h:14:
/Users/avialle/dev/emsdk/upstream/emscripten/cache/sysroot/include/compat/xmmintrin.h:16:2: error: "SSE instruction set not enabled"
#error "SSE instruction set not enabled"
 ^
2 errors generated.
emcc: error: '/Users/avialle/dev/emsdk/upstream/bin/clang -target wasm32-unknown-emscripten -fignore-exceptions -fvisibility=default -mllvm -combiner-global-alias-analysis=false -mllvm -enable-emscripten-sjlj -mllvm -disable-lsr -DEMSCRIPTEN -D__EMSCRIPTEN_major__=3 -D__EMSCRIPTEN_minor__=1 -D__EMSCRIPTEN_tiny__=20 -Werror=implicit-function-declaration -I/Users/avialle/dev/emsdk/upstream/emscripten/cache/sysroot/include/SDL --sysroot=/Users/avialle/dev/emsdk/upstream/emscripten/cache/sysroot -Xclang -iwithsysroot/include/compat -c -O3 -I/opt/local/www/apache2/html/imagick/image_magick/include conftest.c -o conftest.o' failed (returned 1)
configure:13939: $? = 1
configure: failed program was:
| /* confdefs.h */
| #define PACKAGE_NAME "libwebp"
| #define PACKAGE_TARNAME "libwebp"
| #define PACKAGE_VERSION "1.2.4"
| #define PACKAGE_STRING "libwebp 1.2.4"
| #define PACKAGE_BUGREPORT "https://bugs.chromium.org/p/webp"
| #define PACKAGE_URL "https://developers.google.com/speed/webp"
| #define PACKAGE "libwebp"
| #define VERSION "1.2.4"
| #define HAVE_STDIO_H 1
| #define HAVE_STDLIB_H 1
| #define HAVE_STRING_H 1
| #define HAVE_INTTYPES_H 1
| #define HAVE_STDINT_H 1
| #define HAVE_STRINGS_H 1
| #define HAVE_SYS_STAT_H 1
| #define HAVE_SYS_TYPES_H 1
| #define HAVE_UNISTD_H 1
| #define STDC_HEADERS 1
| #define HAVE_DLFCN_H 1
| #define LT_OBJDIR ".libs/"
| /* end confdefs.h.  */
| #include <stddef.h>
| #ifdef HAVE_STDIO_H
| # include <stdio.h>
| #endif
| #ifdef HAVE_STDLIB_H
| # include <stdlib.h>
| #endif
| #ifdef HAVE_STRING_H
| # include <string.h>
| #endif
| #ifdef HAVE_INTTYPES_H
| # include <inttypes.h>
| #endif
| #ifdef HAVE_STDINT_H
| # include <stdint.h>
| #endif
| #ifdef HAVE_STRINGS_H
| # include <strings.h>
| #endif
| #ifdef HAVE_SYS_TYPES_H
| # include <sys/types.h>
| #endif
| #ifdef HAVE_SYS_STAT_H
| # include <sys/stat.h>
| #endif
| #ifdef HAVE_UNISTD_H
| # include <unistd.h>
| #endif
| #include <emmintrin.h>
configure:13939: result: no
configure:14101: checking for __builtin_bswap16
configure:14114: /Users/avialle/dev/emsdk/upstream/emscripten/emcc -o conftest -O3 -I/opt/local/www/apache2/html/imagick/image_magick/include -L/opt/local/www/apache2/html/imagick/image_magick/lib -sASSERTIONS=1 -sALLOW_MEMORY_GROWTH=1 conftest.c  >&5
configure:14114: $? = 0
configure:14116: result: yes
configure:14139: checking for __builtin_bswap32
configure:14152: /Users/avialle/dev/emsdk/upstream/emscripten/emcc -o conftest -O3 -I/opt/local/www/apache2/html/imagick/image_magick/include -L/opt/local/www/apache2/html/imagick/image_magick/lib -sASSERTIONS=1 -sALLOW_MEMORY_GROWTH=1 conftest.c  >&5
configure:14152: $? = 0
configure:14154: result: yes
configure:14177: checking for __builtin_bswap64
configure:14190: /Users/avialle/dev/emsdk/upstream/emscripten/emcc -o conftest -O3 -I/opt/local/www/apache2/html/imagick/image_magick/include -L/opt/local/www/apache2/html/imagick/image_magick/lib -sASSERTIONS=1 -sALLOW_MEMORY_GROWTH=1 conftest.c  >&5
configure:14190: $? = 0
configure:14192: result: yes
configure:14690: checking if threading is enabled... no
configure:14735: checking whether /Users/avialle/dev/emsdk/upstream/emscripten/emcc supports -Wno-deprecated-declarations
configure:14741: /Users/avialle/dev/emsdk/upstream/emscripten/emcc -c -Werror -Wno-deprecated-declarations  -I/opt/local/www/apache2/html/imagick/image_magick/include conftest.c >&5
configure:14741: $? = 0
configure:14743: result: yes
configure:14771: checking for GL/glut.h
configure:14771: /Users/avialle/dev/emsdk/upstream/emscripten/emcc -c -O3  -I/opt/local/www/apache2/html/imagick/image_magick/include conftest.c >&5
configure:14771: $? = 0
configure:14771: result: yes
configure:14810: checking for library containing glBegin
configure:14840: /Users/avialle/dev/emsdk/upstream/emscripten/emcc -o conftest -O3  -I/opt/local/www/apache2/html/imagick/image_magick/include -L/opt/local/www/apache2/html/imagick/image_magick/lib -sASSERTIONS=1 -sALLOW_MEMORY_GROWTH=1 conftest.c   >&5
configure:14840: $? = 0
configure:14860: result: none required
configure:14898: /Users/avialle/dev/emsdk/upstream/emscripten/emcc -o conftest -O3  -I/opt/local/www/apache2/html/imagick/image_magick/include -L/opt/local/www/apache2/html/imagick/image_magick/lib -sASSERTIONS=1 -sALLOW_MEMORY_GROWTH=1 conftest.c  >&5
error: undefined symbol: glOrtho (referenced by top-level compiled C/C++ code)
warning: Link with `-sLLD_REPORT_UNDEFINED` to get more information on undefined symbols
warning: To disable errors for undefined symbols use `-sERROR_ON_UNDEFINED_SYMBOLS=0`
warning: _glOrtho may need to be added to EXPORTED_FUNCTIONS if it arrives from a system library
Error: Aborting compilation due to previous errors
emcc: error: '/Users/avialle/dev/emsdk/node/14.18.2_64bit/bin/node /Users/avialle/dev/emsdk/upstream/emscripten/src/compiler.js /var/folders/s1/_0hxlcq5279cj_4q7x4nqz400000gn/T/tmpelgy2mdp.json' failed (returned 1)
configure:14898: $? = 1
configure: failed program was:
| /* confdefs.h */
| #define PACKAGE_NAME "libwebp"
| #define PACKAGE_TARNAME "libwebp"
| #define PACKAGE_VERSION "1.2.4"
| #define PACKAGE_STRING "libwebp 1.2.4"
| #define PACKAGE_BUGREPORT "https://bugs.chromium.org/p/webp"
| #define PACKAGE_URL "https://developers.google.com/speed/webp"
| #define PACKAGE "libwebp"
| #define VERSION "1.2.4"
| #define HAVE_STDIO_H 1
| #define HAVE_STDLIB_H 1
| #define HAVE_STRING_H 1
| #define HAVE_INTTYPES_H 1
| #define HAVE_STDINT_H 1
| #define HAVE_STRINGS_H 1
| #define HAVE_SYS_STAT_H 1
| #define HAVE_SYS_TYPES_H 1
| #define HAVE_UNISTD_H 1
| #define STDC_HEADERS 1
| #define HAVE_DLFCN_H 1
| #define LT_OBJDIR ".libs/"
| #define HAVE_BUILTIN_BSWAP16 1
| #define HAVE_BUILTIN_BSWAP32 1
| #define HAVE_BUILTIN_BSWAP64 1
| #define HAVE_GL_GLUT_H 1
| /* end confdefs.h.  */
| 
|              #ifdef __cplusplus
|              # define EXTERN_C extern "C"
|              #else
|              # define EXTERN_C
|              #endif
|              EXTERN_C char glOrtho();
|              EXTERN_C char glutMainLoop();
| 
| int
| main (void)
| {
| 
|              glOrtho();
|              glutMainLoop();
| 
|   ;
|   return 0;
| }
| 
configure:14898: /Users/avialle/dev/emsdk/upstream/emscripten/emcc -o conftest -O3  -I/opt/local/www/apache2/html/imagick/image_magick/include -L/opt/local/www/apache2/html/imagick/image_magick/lib -sASSERTIONS=1 -sALLOW_MEMORY_GROWTH=1 conftest.c -lglut >&5
error: undefined symbol: glOrtho (referenced by top-level compiled C/C++ code)
warning: Link with `-sLLD_REPORT_UNDEFINED` to get more information on undefined symbols
warning: To disable errors for undefined symbols use `-sERROR_ON_UNDEFINED_SYMBOLS=0`
warning: _glOrtho may need to be added to EXPORTED_FUNCTIONS if it arrives from a system library
Error: Aborting compilation due to previous errors
emcc: error: '/Users/avialle/dev/emsdk/node/14.18.2_64bit/bin/node /Users/avialle/dev/emsdk/upstream/emscripten/src/compiler.js /var/folders/s1/_0hxlcq5279cj_4q7x4nqz400000gn/T/tmpqxiicixh.json' failed (returned 1)
configure:14898: $? = 1
configure: failed program was:
| /* confdefs.h */
| #define PACKAGE_NAME "libwebp"
| #define PACKAGE_TARNAME "libwebp"
| #define PACKAGE_VERSION "1.2.4"
| #define PACKAGE_STRING "libwebp 1.2.4"
| #define PACKAGE_BUGREPORT "https://bugs.chromium.org/p/webp"
| #define PACKAGE_URL "https://developers.google.com/speed/webp"
| #define PACKAGE "libwebp"
| #define VERSION "1.2.4"
| #define HAVE_STDIO_H 1
| #define HAVE_STDLIB_H 1
| #define HAVE_STRING_H 1
| #define HAVE_INTTYPES_H 1
| #define HAVE_STDINT_H 1
| #define HAVE_STRINGS_H 1
| #define HAVE_SYS_STAT_H 1
| #define HAVE_SYS_TYPES_H 1
| #define HAVE_UNISTD_H 1
| #define STDC_HEADERS 1
| #define HAVE_DLFCN_H 1
| #define LT_OBJDIR ".libs/"
| #define HAVE_BUILTIN_BSWAP16 1
| #define HAVE_BUILTIN_BSWAP32 1
| #define HAVE_BUILTIN_BSWAP64 1
| #define HAVE_GL_GLUT_H 1
| /* end confdefs.h.  */
| 
|              #ifdef __cplusplus
|              # define EXTERN_C extern "C"
|              #else
|              # define EXTERN_C
|              #endif
|              EXTERN_C char glOrtho();
|              EXTERN_C char glutMainLoop();
| 
| int
| main (void)
| {
| 
|              glOrtho();
|              glutMainLoop();
| 
|   ;
|   return 0;
| }
| 
configure:14898: /Users/avialle/dev/emsdk/upstream/emscripten/emcc -o conftest -O3  -I/opt/local/www/apache2/html/imagick/image_magick/include -L/opt/local/www/apache2/html/imagick/image_magick/lib -sASSERTIONS=1 -sALLOW_MEMORY_GROWTH=1 conftest.c -lglut none required >&5
emcc: error: none: No such file or directory ("none" was expected to be an input file, based on the commandline arguments provided)
configure:14898: $? = 1
configure: failed program was:
| /* confdefs.h */
| #define PACKAGE_NAME "libwebp"
| #define PACKAGE_TARNAME "libwebp"
| #define PACKAGE_VERSION "1.2.4"
| #define PACKAGE_STRING "libwebp 1.2.4"
| #define PACKAGE_BUGREPORT "https://bugs.chromium.org/p/webp"
| #define PACKAGE_URL "https://developers.google.com/speed/webp"
| #define PACKAGE "libwebp"
| #define VERSION "1.2.4"
| #define HAVE_STDIO_H 1
| #define HAVE_STDLIB_H 1
| #define HAVE_STRING_H 1
| #define HAVE_INTTYPES_H 1
| #define HAVE_STDINT_H 1
| #define HAVE_STRINGS_H 1
| #define HAVE_SYS_STAT_H 1
| #define HAVE_SYS_TYPES_H 1
| #define HAVE_UNISTD_H 1
| #define STDC_HEADERS 1
| #define HAVE_DLFCN_H 1
| #define LT_OBJDIR ".libs/"
| #define HAVE_BUILTIN_BSWAP16 1
| #define HAVE_BUILTIN_BSWAP32 1
| #define HAVE_BUILTIN_BSWAP64 1
| #define HAVE_GL_GLUT_H 1
| /* end confdefs.h.  */
| 
|              #ifdef __cplusplus
|              # define EXTERN_C extern "C"
|              #else
|              # define EXTERN_C
|              #endif
|              EXTERN_C char glOrtho();
|              EXTERN_C char glutMainLoop();
| 
| int
| main (void)
| {
| 
|              glOrtho();
|              glutMainLoop();
| 
|   ;
|   return 0;
| }
| 
configure:14810: checking for library containing glBegin
configure:14840: /Users/avialle/dev/emsdk/upstream/emscripten/emcc -o conftest -O3  -I/opt/local/www/apache2/html/imagick/image_magick/include -framework GLUT -framework OpenGL -L/opt/local/www/apache2/html/imagick/image_magick/lib -sASSERTIONS=1 -sALLOW_MEMORY_GROWTH=1 conftest.c   >&5
emcc: error: GLUT: No such file or directory ("GLUT" was expected to be an input file, based on the commandline arguments provided)
configure:14840: $? = 1
configure: failed program was:
| /* confdefs.h */
| #define PACKAGE_NAME "libwebp"
| #define PACKAGE_TARNAME "libwebp"
| #define PACKAGE_VERSION "1.2.4"
| #define PACKAGE_STRING "libwebp 1.2.4"
| #define PACKAGE_BUGREPORT "https://bugs.chromium.org/p/webp"
| #define PACKAGE_URL "https://developers.google.com/speed/webp"
| #define PACKAGE "libwebp"
| #define VERSION "1.2.4"
| #define HAVE_STDIO_H 1
| #define HAVE_STDLIB_H 1
| #define HAVE_STRING_H 1
| #define HAVE_INTTYPES_H 1
| #define HAVE_STDINT_H 1
| #define HAVE_STRINGS_H 1
| #define HAVE_SYS_STAT_H 1
| #define HAVE_SYS_TYPES_H 1
| #define HAVE_UNISTD_H 1
| #define STDC_HEADERS 1
| #define HAVE_DLFCN_H 1
| #define LT_OBJDIR ".libs/"
| #define HAVE_BUILTIN_BSWAP16 1
| #define HAVE_BUILTIN_BSWAP32 1
| #define HAVE_BUILTIN_BSWAP64 1
| #define HAVE_GL_GLUT_H 1
| /* end confdefs.h.  */
| 
| /* Override any GCC internal prototype to avoid an error.
|    Use char because int might match the return type of a GCC
|    builtin and then its argument prototype would still apply.  */
| char glBegin ();
| int
| main (void)
| {
| return glBegin ();
|   ;
|   return 0;
| }
configure:14840: /Users/avialle/dev/emsdk/upstream/emscripten/emcc -o conftest -O3  -I/opt/local/www/apache2/html/imagick/image_magick/include -framework GLUT -framework OpenGL -L/opt/local/www/apache2/html/imagick/image_magick/lib -sASSERTIONS=1 -sALLOW_MEMORY_GROWTH=1 conftest.c -lGL    >&5
emcc: error: GLUT: No such file or directory ("GLUT" was expected to be an input file, based on the commandline arguments provided)
configure:14840: $? = 1
configure: failed program was:
| /* confdefs.h */
| #define PACKAGE_NAME "libwebp"
| #define PACKAGE_TARNAME "libwebp"
| #define PACKAGE_VERSION "1.2.4"
| #define PACKAGE_STRING "libwebp 1.2.4"
| #define PACKAGE_BUGREPORT "https://bugs.chromium.org/p/webp"
| #define PACKAGE_URL "https://developers.google.com/speed/webp"
| #define PACKAGE "libwebp"
| #define VERSION "1.2.4"
| #define HAVE_STDIO_H 1
| #define HAVE_STDLIB_H 1
| #define HAVE_STRING_H 1
| #define HAVE_INTTYPES_H 1
| #define HAVE_STDINT_H 1
| #define HAVE_STRINGS_H 1
| #define HAVE_SYS_STAT_H 1
| #define HAVE_SYS_TYPES_H 1
| #define HAVE_UNISTD_H 1
| #define STDC_HEADERS 1
| #define HAVE_DLFCN_H 1
| #define LT_OBJDIR ".libs/"
| #define HAVE_BUILTIN_BSWAP16 1
| #define HAVE_BUILTIN_BSWAP32 1
| #define HAVE_BUILTIN_BSWAP64 1
| #define HAVE_GL_GLUT_H 1
| /* end confdefs.h.  */
| 
| /* Override any GCC internal prototype to avoid an error.
|    Use char because int might match the return type of a GCC
|    builtin and then its argument prototype would still apply.  */
| char glBegin ();
| int
| main (void)
| {
| return glBegin ();
|   ;
|   return 0;
| }
configure:14840: /Users/avialle/dev/emsdk/upstream/emscripten/emcc -o conftest -O3  -I/opt/local/www/apache2/html/imagick/image_magick/include -framework GLUT -framework OpenGL -L/opt/local/www/apache2/html/imagick/image_magick/lib -sASSERTIONS=1 -sALLOW_MEMORY_GROWTH=1 conftest.c -lOpenGL    >&5
emcc: error: GLUT: No such file or directory ("GLUT" was expected to be an input file, based on the commandline arguments provided)
configure:14840: $? = 1
configure: failed program was:
| /* confdefs.h */
| #define PACKAGE_NAME "libwebp"
| #define PACKAGE_TARNAME "libwebp"
| #define PACKAGE_VERSION "1.2.4"
| #define PACKAGE_STRING "libwebp 1.2.4"
| #define PACKAGE_BUGREPORT "https://bugs.chromium.org/p/webp"
| #define PACKAGE_URL "https://developers.google.com/speed/webp"
| #define PACKAGE "libwebp"
| #define VERSION "1.2.4"
| #define HAVE_STDIO_H 1
| #define HAVE_STDLIB_H 1
| #define HAVE_STRING_H 1
| #define HAVE_INTTYPES_H 1
| #define HAVE_STDINT_H 1
| #define HAVE_STRINGS_H 1
| #define HAVE_SYS_STAT_H 1
| #define HAVE_SYS_TYPES_H 1
| #define HAVE_UNISTD_H 1
| #define STDC_HEADERS 1
| #define HAVE_DLFCN_H 1
| #define LT_OBJDIR ".libs/"
| #define HAVE_BUILTIN_BSWAP16 1
| #define HAVE_BUILTIN_BSWAP32 1
| #define HAVE_BUILTIN_BSWAP64 1
| #define HAVE_GL_GLUT_H 1
| /* end confdefs.h.  */
| 
| /* Override any GCC internal prototype to avoid an error.
|    Use char because int might match the return type of a GCC
|    builtin and then its argument prototype would still apply.  */
| char glBegin ();
| int
| main (void)
| {
| return glBegin ();
|   ;
|   return 0;
| }
configure:14840: /Users/avialle/dev/emsdk/upstream/emscripten/emcc -o conftest -O3  -I/opt/local/www/apache2/html/imagick/image_magick/include -framework GLUT -framework OpenGL -L/opt/local/www/apache2/html/imagick/image_magick/lib -sASSERTIONS=1 -sALLOW_MEMORY_GROWTH=1 conftest.c -lopengl32    >&5
emcc: error: GLUT: No such file or directory ("GLUT" was expected to be an input file, based on the commandline arguments provided)
configure:14840: $? = 1
configure: failed program was:
| /* confdefs.h */
| #define PACKAGE_NAME "libwebp"
| #define PACKAGE_TARNAME "libwebp"
| #define PACKAGE_VERSION "1.2.4"
| #define PACKAGE_STRING "libwebp 1.2.4"
| #define PACKAGE_BUGREPORT "https://bugs.chromium.org/p/webp"
| #define PACKAGE_URL "https://developers.google.com/speed/webp"
| #define PACKAGE "libwebp"
| #define VERSION "1.2.4"
| #define HAVE_STDIO_H 1
| #define HAVE_STDLIB_H 1
| #define HAVE_STRING_H 1
| #define HAVE_INTTYPES_H 1
| #define HAVE_STDINT_H 1
| #define HAVE_STRINGS_H 1
| #define HAVE_SYS_STAT_H 1
| #define HAVE_SYS_TYPES_H 1
| #define HAVE_UNISTD_H 1
| #define STDC_HEADERS 1
| #define HAVE_DLFCN_H 1
| #define LT_OBJDIR ".libs/"
| #define HAVE_BUILTIN_BSWAP16 1
| #define HAVE_BUILTIN_BSWAP32 1
| #define HAVE_BUILTIN_BSWAP64 1
| #define HAVE_GL_GLUT_H 1
| /* end confdefs.h.  */
| 
| /* Override any GCC internal prototype to avoid an error.
|    Use char because int might match the return type of a GCC
|    builtin and then its argument prototype would still apply.  */
| char glBegin ();
| int
| main (void)
| {
| return glBegin ();
|   ;
|   return 0;
| }
configure:14860: result: no
configure:14898: /Users/avialle/dev/emsdk/upstream/emscripten/emcc -o conftest -O3  -I/opt/local/www/apache2/html/imagick/image_magick/include -framework GLUT -framework OpenGL -L/opt/local/www/apache2/html/imagick/image_magick/lib -sASSERTIONS=1 -sALLOW_MEMORY_GROWTH=1 conftest.c  >&5
emcc: error: GLUT: No such file or directory ("GLUT" was expected to be an input file, based on the commandline arguments provided)
configure:14898: $? = 1
configure: failed program was:
| /* confdefs.h */
| #define PACKAGE_NAME "libwebp"
| #define PACKAGE_TARNAME "libwebp"
| #define PACKAGE_VERSION "1.2.4"
| #define PACKAGE_STRING "libwebp 1.2.4"
| #define PACKAGE_BUGREPORT "https://bugs.chromium.org/p/webp"
| #define PACKAGE_URL "https://developers.google.com/speed/webp"
| #define PACKAGE "libwebp"
| #define VERSION "1.2.4"
| #define HAVE_STDIO_H 1
| #define HAVE_STDLIB_H 1
| #define HAVE_STRING_H 1
| #define HAVE_INTTYPES_H 1
| #define HAVE_STDINT_H 1
| #define HAVE_STRINGS_H 1
| #define HAVE_SYS_STAT_H 1
| #define HAVE_SYS_TYPES_H 1
| #define HAVE_UNISTD_H 1
| #define STDC_HEADERS 1
| #define HAVE_DLFCN_H 1
| #define LT_OBJDIR ".libs/"
| #define HAVE_BUILTIN_BSWAP16 1
| #define HAVE_BUILTIN_BSWAP32 1
| #define HAVE_BUILTIN_BSWAP64 1
| #define HAVE_GL_GLUT_H 1
| /* end confdefs.h.  */
| 
|              #ifdef __cplusplus
|              # define EXTERN_C extern "C"
|              #else
|              # define EXTERN_C
|              #endif
|              EXTERN_C char glOrtho();
|              EXTERN_C char glutMainLoop();
| 
| int
| main (void)
| {
| 
|              glOrtho();
|              glutMainLoop();
| 
|   ;
|   return 0;
| }
| 
configure:14898: /Users/avialle/dev/emsdk/upstream/emscripten/emcc -o conftest -O3  -I/opt/local/www/apache2/html/imagick/image_magick/include -framework GLUT -framework OpenGL -L/opt/local/www/apache2/html/imagick/image_magick/lib -sASSERTIONS=1 -sALLOW_MEMORY_GROWTH=1 conftest.c -lglut >&5
emcc: error: GLUT: No such file or directory ("GLUT" was expected to be an input file, based on the commandline arguments provided)
configure:14898: $? = 1
configure: failed program was:
| /* confdefs.h */
| #define PACKAGE_NAME "libwebp"
| #define PACKAGE_TARNAME "libwebp"
| #define PACKAGE_VERSION "1.2.4"
| #define PACKAGE_STRING "libwebp 1.2.4"
| #define PACKAGE_BUGREPORT "https://bugs.chromium.org/p/webp"
| #define PACKAGE_URL "https://developers.google.com/speed/webp"
| #define PACKAGE "libwebp"
| #define VERSION "1.2.4"
| #define HAVE_STDIO_H 1
| #define HAVE_STDLIB_H 1
| #define HAVE_STRING_H 1
| #define HAVE_INTTYPES_H 1
| #define HAVE_STDINT_H 1
| #define HAVE_STRINGS_H 1
| #define HAVE_SYS_STAT_H 1
| #define HAVE_SYS_TYPES_H 1
| #define HAVE_UNISTD_H 1
| #define STDC_HEADERS 1
| #define HAVE_DLFCN_H 1
| #define LT_OBJDIR ".libs/"
| #define HAVE_BUILTIN_BSWAP16 1
| #define HAVE_BUILTIN_BSWAP32 1
| #define HAVE_BUILTIN_BSWAP64 1
| #define HAVE_GL_GLUT_H 1
| /* end confdefs.h.  */
| 
|              #ifdef __cplusplus
|              # define EXTERN_C extern "C"
|              #else
|              # define EXTERN_C
|              #endif
|              EXTERN_C char glOrtho();
|              EXTERN_C char glutMainLoop();
| 
| int
| main (void)
| {
| 
|              glOrtho();
|              glutMainLoop();
| 
|   ;
|   return 0;
| }
| 
configure:14898: /Users/avialle/dev/emsdk/upstream/emscripten/emcc -o conftest -O3  -I/opt/local/www/apache2/html/imagick/image_magick/include -framework GLUT -framework OpenGL -L/opt/local/www/apache2/html/imagick/image_magick/lib -sASSERTIONS=1 -sALLOW_MEMORY_GROWTH=1 conftest.c -lglut no >&5
emcc: error: GLUT: No such file or directory ("GLUT" was expected to be an input file, based on the commandline arguments provided)
configure:14898: $? = 1
configure: failed program was:
| /* confdefs.h */
| #define PACKAGE_NAME "libwebp"
| #define PACKAGE_TARNAME "libwebp"
| #define PACKAGE_VERSION "1.2.4"
| #define PACKAGE_STRING "libwebp 1.2.4"
| #define PACKAGE_BUGREPORT "https://bugs.chromium.org/p/webp"
| #define PACKAGE_URL "https://developers.google.com/speed/webp"
| #define PACKAGE "libwebp"
| #define VERSION "1.2.4"
| #define HAVE_STDIO_H 1
| #define HAVE_STDLIB_H 1
| #define HAVE_STRING_H 1
| #define HAVE_INTTYPES_H 1
| #define HAVE_STDINT_H 1
| #define HAVE_STRINGS_H 1
| #define HAVE_SYS_STAT_H 1
| #define HAVE_SYS_TYPES_H 1
| #define HAVE_UNISTD_H 1
| #define STDC_HEADERS 1
| #define HAVE_DLFCN_H 1
| #define LT_OBJDIR ".libs/"
| #define HAVE_BUILTIN_BSWAP16 1
| #define HAVE_BUILTIN_BSWAP32 1
| #define HAVE_BUILTIN_BSWAP64 1
| #define HAVE_GL_GLUT_H 1
| /* end confdefs.h.  */
| 
|              #ifdef __cplusplus
|              # define EXTERN_C extern "C"
|              #else
|              # define EXTERN_C
|              #endif
|              EXTERN_C char glOrtho();
|              EXTERN_C char glutMainLoop();
| 
| int
| main (void)
| {
| 
|              glOrtho();
|              glutMainLoop();
| 
|   ;
|   return 0;
| }
| 
configure:14933: Not building vwebp. OpenGL libraries and --enable-libwebpdemux are required.
configure:14962: checking for sdl-config
configure:14985: found /Users/avialle/dev/emsdk/upstream/emscripten/cache/sysroot/bin/sdl-config
configure:14997: result: /Users/avialle/dev/emsdk/upstream/emscripten/cache/sysroot/bin/sdl-config
configure:15033: checking for SDL/SDL.h
configure:15033: /Users/avialle/dev/emsdk/upstream/emscripten/emcc -c -O3  -I/opt/local/www/apache2/html/imagick/image_magick/include conftest.c >&5
configure:15033: $? = 0
configure:15033: result: yes
configure:15069: /Users/avialle/dev/emsdk/upstream/emscripten/emcc -o conftest -O3  -I/opt/local/www/apache2/html/imagick/image_magick/include -L/opt/local/www/apache2/html/imagick/image_magick/lib -sASSERTIONS=1 -sALLOW_MEMORY_GROWTH=1 conftest.c    >&5
configure:15069: $? = 0
configure:15135: checking for libpng-config
configure:15158: found /opt/X11/bin/libpng-config
configure:15170: result: /opt/X11/bin/libpng-config
configure:15205: checking for png.h
configure:15205: /Users/avialle/dev/emsdk/upstream/emscripten/emcc -c -O3 -I/opt/X11/include/libpng16 -I/opt/local/www/apache2/html/imagick/image_magick/include conftest.c >&5
configure:15205: $? = 0
configure:15205: result: yes
configure:15208: checking for library containing png_get_libpng_ver
configure:15238: /Users/avialle/dev/emsdk/upstream/emscripten/emcc -o conftest -O3 -I/opt/X11/include/libpng16 -I/opt/local/www/apache2/html/imagick/image_magick/include -L/opt/local/www/apache2/html/imagick/image_magick/lib -sASSERTIONS=1 -sALLOW_MEMORY_GROWTH=1 conftest.c -L/opt/X11/lib -lpng16  >&5
wasm-ld: error: unknown file type: /opt/X11/lib/libpng16.dylib
emcc: error: '/Users/avialle/dev/emsdk/upstream/bin/wasm-ld -o conftest.wasm -L/opt/local/www/apache2/html/imagick/image_magick/lib /var/folders/s1/_0hxlcq5279cj_4q7x4nqz400000gn/T/emscripten_temp_h8yjwr8g/conftest_0.o -L/opt/X11/lib /opt/X11/lib/libpng16.dylib -L/Users/avialle/dev/emsdk/upstream/emscripten/cache/sysroot/lib/wasm32-emscripten -lGL -lal -lhtml5 -lstubs-debug -lc-debug -ldlmalloc -lcompiler_rt -lc++-noexcept -lc++abi-noexcept -lsockets -mllvm -combiner-global-alias-analysis=false -mllvm -enable-emscripten-sjlj -mllvm -disable-lsr --import-undefined --strip-debug --export-if-defined=main --export-if-defined=__start_em_asm --export-if-defined=__stop_em_asm --export-if-defined=__start_em_js --export-if-defined=__stop_em_js --export-if-defined=__main_argc_argv --export-if-defined=fflush --export=emscripten_stack_get_end --export=emscripten_stack_get_free --export=emscripten_stack_get_base --export=emscripten_stack_init --export=stackSave --export=stackRestore --export=stackAlloc --export=__wasm_call_ctors --export=__errno_location --export=__get_temp_ret --export=__set_temp_ret --export=__funcs_on_exit --export-table -z stack-size=5242880 --initial-memory=16777216 --no-entry --max-memory=2147483648 --global-base=1024' failed (returned 1)
configure:15238: $? = 1
configure: failed program was:
| /* confdefs.h */
| #define PACKAGE_NAME "libwebp"
| #define PACKAGE_TARNAME "libwebp"
| #define PACKAGE_VERSION "1.2.4"
| #define PACKAGE_STRING "libwebp 1.2.4"
| #define PACKAGE_BUGREPORT "https://bugs.chromium.org/p/webp"
| #define PACKAGE_URL "https://developers.google.com/speed/webp"
| #define PACKAGE "libwebp"
| #define VERSION "1.2.4"
| #define HAVE_STDIO_H 1
| #define HAVE_STDLIB_H 1
| #define HAVE_STRING_H 1
| #define HAVE_INTTYPES_H 1
| #define HAVE_STDINT_H 1
| #define HAVE_STRINGS_H 1
| #define HAVE_SYS_STAT_H 1
| #define HAVE_SYS_TYPES_H 1
| #define HAVE_UNISTD_H 1
| #define STDC_HEADERS 1
| #define HAVE_DLFCN_H 1
| #define LT_OBJDIR ".libs/"
| #define HAVE_BUILTIN_BSWAP16 1
| #define HAVE_BUILTIN_BSWAP32 1
| #define HAVE_BUILTIN_BSWAP64 1
| #define HAVE_GL_GLUT_H 1
| #define WEBP_HAVE_SDL 1
| /* end confdefs.h.  */
| 
| /* Override any GCC internal prototype to avoid an error.
|    Use char because int might match the return type of a GCC
|    builtin and then its argument prototype would still apply.  */
| char png_get_libpng_ver ();
| int
| main (void)
| {
| return png_get_libpng_ver ();
|   ;
|   return 0;
| }
configure:15238: /Users/avialle/dev/emsdk/upstream/emscripten/emcc -o conftest -O3 -I/opt/X11/include/libpng16 -I/opt/local/www/apache2/html/imagick/image_magick/include -L/opt/local/www/apache2/html/imagick/image_magick/lib -sASSERTIONS=1 -sALLOW_MEMORY_GROWTH=1 conftest.c -lpng  -L/opt/X11/lib -lpng16  >&5
wasm-ld: error: unknown file type: /opt/X11/lib/libpng.dylib
wasm-ld: error: unknown file type: /opt/X11/lib/libpng16.dylib
emcc: error: '/Users/avialle/dev/emsdk/upstream/bin/wasm-ld -o conftest.wasm -L/opt/local/www/apache2/html/imagick/image_magick/lib /var/folders/s1/_0hxlcq5279cj_4q7x4nqz400000gn/T/emscripten_temp_l3yi4ke9/conftest_0.o /opt/X11/lib/libpng.dylib -L/opt/X11/lib /opt/X11/lib/libpng16.dylib -L/Users/avialle/dev/emsdk/upstream/emscripten/cache/sysroot/lib/wasm32-emscripten -lGL -lal -lhtml5 -lstubs-debug -lc-debug -ldlmalloc -lcompiler_rt -lc++-noexcept -lc++abi-noexcept -lsockets -mllvm -combiner-global-alias-analysis=false -mllvm -enable-emscripten-sjlj -mllvm -disable-lsr --import-undefined --strip-debug --export-if-defined=main --export-if-defined=__start_em_asm --export-if-defined=__stop_em_asm --export-if-defined=__start_em_js --export-if-defined=__stop_em_js --export-if-defined=__main_argc_argv --export-if-defined=fflush --export=emscripten_stack_get_end --export=emscripten_stack_get_free --export=emscripten_stack_get_base --export=emscripten_stack_init --export=stackSave --export=stackRestore --export=stackAlloc --export=__wasm_call_ctors --export=__errno_location --export=__get_temp_ret --export=__set_temp_ret --export=__funcs_on_exit --export-table -z stack-size=5242880 --initial-memory=16777216 --no-entry --max-memory=2147483648 --global-base=1024' failed (returned 1)
configure:15238: $? = 1
configure: failed program was:
| /* confdefs.h */
| #define PACKAGE_NAME "libwebp"
| #define PACKAGE_TARNAME "libwebp"
| #define PACKAGE_VERSION "1.2.4"
| #define PACKAGE_STRING "libwebp 1.2.4"
| #define PACKAGE_BUGREPORT "https://bugs.chromium.org/p/webp"
| #define PACKAGE_URL "https://developers.google.com/speed/webp"
| #define PACKAGE "libwebp"
| #define VERSION "1.2.4"
| #define HAVE_STDIO_H 1
| #define HAVE_STDLIB_H 1
| #define HAVE_STRING_H 1
| #define HAVE_INTTYPES_H 1
| #define HAVE_STDINT_H 1
| #define HAVE_STRINGS_H 1
| #define HAVE_SYS_STAT_H 1
| #define HAVE_SYS_TYPES_H 1
| #define HAVE_UNISTD_H 1
| #define STDC_HEADERS 1
| #define HAVE_DLFCN_H 1
| #define LT_OBJDIR ".libs/"
| #define HAVE_BUILTIN_BSWAP16 1
| #define HAVE_BUILTIN_BSWAP32 1
| #define HAVE_BUILTIN_BSWAP64 1
| #define HAVE_GL_GLUT_H 1
| #define WEBP_HAVE_SDL 1
| /* end confdefs.h.  */
| 
| /* Override any GCC internal prototype to avoid an error.
|    Use char because int might match the return type of a GCC
|    builtin and then its argument prototype would still apply.  */
| char png_get_libpng_ver ();
| int
| main (void)
| {
| return png_get_libpng_ver ();
|   ;
|   return 0;
| }
configure:15258: result: no
configure:15273: WARNING: Optional png library not found
configure:15325: checking for jpeglib.h
configure:15325: /Users/avialle/dev/emsdk/upstream/emscripten/emcc -c -O3  -I/opt/local/www/apache2/html/imagick/image_magick/include conftest.c >&5
conftest.c:56:10: fatal error: 'jpeglib.h' file not found
#include <jpeglib.h>
         ^~~~~~~~~~~
1 error generated.
emcc: error: '/Users/avialle/dev/emsdk/upstream/bin/clang -target wasm32-unknown-emscripten -fignore-exceptions -fvisibility=default -mllvm -combiner-global-alias-analysis=false -mllvm -enable-emscripten-sjlj -mllvm -disable-lsr -DEMSCRIPTEN -D__EMSCRIPTEN_major__=3 -D__EMSCRIPTEN_minor__=1 -D__EMSCRIPTEN_tiny__=20 -Werror=implicit-function-declaration -I/Users/avialle/dev/emsdk/upstream/emscripten/cache/sysroot/include/SDL --sysroot=/Users/avialle/dev/emsdk/upstream/emscripten/cache/sysroot -Xclang -iwithsysroot/include/compat -c -O3 -I/opt/local/www/apache2/html/imagick/image_magick/include conftest.c -o conftest.o' failed (returned 1)
configure:15325: $? = 1
configure: failed program was:
| /* confdefs.h */
| #define PACKAGE_NAME "libwebp"
| #define PACKAGE_TARNAME "libwebp"
| #define PACKAGE_VERSION "1.2.4"
| #define PACKAGE_STRING "libwebp 1.2.4"
| #define PACKAGE_BUGREPORT "https://bugs.chromium.org/p/webp"
| #define PACKAGE_URL "https://developers.google.com/speed/webp"
| #define PACKAGE "libwebp"
| #define VERSION "1.2.4"
| #define HAVE_STDIO_H 1
| #define HAVE_STDLIB_H 1
| #define HAVE_STRING_H 1
| #define HAVE_INTTYPES_H 1
| #define HAVE_STDINT_H 1
| #define HAVE_STRINGS_H 1
| #define HAVE_SYS_STAT_H 1
| #define HAVE_SYS_TYPES_H 1
| #define HAVE_UNISTD_H 1
| #define STDC_HEADERS 1
| #define HAVE_DLFCN_H 1
| #define LT_OBJDIR ".libs/"
| #define HAVE_BUILTIN_BSWAP16 1
| #define HAVE_BUILTIN_BSWAP32 1
| #define HAVE_BUILTIN_BSWAP64 1
| #define HAVE_GL_GLUT_H 1
| #define WEBP_HAVE_SDL 1
| /* end confdefs.h.  */
| #include <stddef.h>
| #ifdef HAVE_STDIO_H
| # include <stdio.h>
| #endif
| #ifdef HAVE_STDLIB_H
| # include <stdlib.h>
| #endif
| #ifdef HAVE_STRING_H
| # include <string.h>
| #endif
| #ifdef HAVE_INTTYPES_H
| # include <inttypes.h>
| #endif
| #ifdef HAVE_STDINT_H
| # include <stdint.h>
| #endif
| #ifdef HAVE_STRINGS_H
| # include <strings.h>
| #endif
| #ifdef HAVE_SYS_TYPES_H
| # include <sys/types.h>
| #endif
| #ifdef HAVE_SYS_STAT_H
| # include <sys/stat.h>
| #endif
| #ifdef HAVE_UNISTD_H
| # include <unistd.h>
| #endif
| #include <jpeglib.h>
configure:15325: result: no
configure:15378: WARNING: jpeg library not available - no jpeglib.h
configure:15420: checking for tiffio.h
configure:15420: /Users/avialle/dev/emsdk/upstream/emscripten/emcc -c -O3  -I/opt/local/www/apache2/html/imagick/image_magick/include conftest.c >&5
conftest.c:56:10: fatal error: 'tiffio.h' file not found
#include <tiffio.h>
         ^~~~~~~~~~
1 error generated.
emcc: error: '/Users/avialle/dev/emsdk/upstream/bin/clang -target wasm32-unknown-emscripten -fignore-exceptions -fvisibility=default -mllvm -combiner-global-alias-analysis=false -mllvm -enable-emscripten-sjlj -mllvm -disable-lsr -DEMSCRIPTEN -D__EMSCRIPTEN_major__=3 -D__EMSCRIPTEN_minor__=1 -D__EMSCRIPTEN_tiny__=20 -Werror=implicit-function-declaration -I/Users/avialle/dev/emsdk/upstream/emscripten/cache/sysroot/include/SDL --sysroot=/Users/avialle/dev/emsdk/upstream/emscripten/cache/sysroot -Xclang -iwithsysroot/include/compat -c -O3 -I/opt/local/www/apache2/html/imagick/image_magick/include conftest.c -o conftest.o' failed (returned 1)
configure:15420: $? = 1
configure: failed program was:
| /* confdefs.h */
| #define PACKAGE_NAME "libwebp"
| #define PACKAGE_TARNAME "libwebp"
| #define PACKAGE_VERSION "1.2.4"
| #define PACKAGE_STRING "libwebp 1.2.4"
| #define PACKAGE_BUGREPORT "https://bugs.chromium.org/p/webp"
| #define PACKAGE_URL "https://developers.google.com/speed/webp"
| #define PACKAGE "libwebp"
| #define VERSION "1.2.4"
| #define HAVE_STDIO_H 1
| #define HAVE_STDLIB_H 1
| #define HAVE_STRING_H 1
| #define HAVE_INTTYPES_H 1
| #define HAVE_STDINT_H 1
| #define HAVE_STRINGS_H 1
| #define HAVE_SYS_STAT_H 1
| #define HAVE_SYS_TYPES_H 1
| #define HAVE_UNISTD_H 1
| #define STDC_HEADERS 1
| #define HAVE_DLFCN_H 1
| #define LT_OBJDIR ".libs/"
| #define HAVE_BUILTIN_BSWAP16 1
| #define HAVE_BUILTIN_BSWAP32 1
| #define HAVE_BUILTIN_BSWAP64 1
| #define HAVE_GL_GLUT_H 1
| #define WEBP_HAVE_SDL 1
| /* end confdefs.h.  */
| #include <stddef.h>
| #ifdef HAVE_STDIO_H
| # include <stdio.h>
| #endif
| #ifdef HAVE_STDLIB_H
| # include <stdlib.h>
| #endif
| #ifdef HAVE_STRING_H
| # include <string.h>
| #endif
| #ifdef HAVE_INTTYPES_H
| # include <inttypes.h>
| #endif
| #ifdef HAVE_STDINT_H
| # include <stdint.h>
| #endif
| #ifdef HAVE_STRINGS_H
| # include <strings.h>
| #endif
| #ifdef HAVE_SYS_TYPES_H
| # include <sys/types.h>
| #endif
| #ifdef HAVE_SYS_STAT_H
| # include <sys/stat.h>
| #endif
| #ifdef HAVE_UNISTD_H
| # include <unistd.h>
| #endif
| #include <tiffio.h>
configure:15420: result: no
configure:15473: WARNING: tiff library not available - no tiffio.h
configure:15515: checking for gif_lib.h
configure:15515: /Users/avialle/dev/emsdk/upstream/emscripten/emcc -c -O3  -I/opt/local/www/apache2/html/imagick/image_magick/include conftest.c >&5
conftest.c:56:10: fatal error: 'gif_lib.h' file not found
#include <gif_lib.h>
         ^~~~~~~~~~~
1 error generated.
emcc: error: '/Users/avialle/dev/emsdk/upstream/bin/clang -target wasm32-unknown-emscripten -fignore-exceptions -fvisibility=default -mllvm -combiner-global-alias-analysis=false -mllvm -enable-emscripten-sjlj -mllvm -disable-lsr -DEMSCRIPTEN -D__EMSCRIPTEN_major__=3 -D__EMSCRIPTEN_minor__=1 -D__EMSCRIPTEN_tiny__=20 -Werror=implicit-function-declaration -I/Users/avialle/dev/emsdk/upstream/emscripten/cache/sysroot/include/SDL --sysroot=/Users/avialle/dev/emsdk/upstream/emscripten/cache/sysroot -Xclang -iwithsysroot/include/compat -c -O3 -I/opt/local/www/apache2/html/imagick/image_magick/include conftest.c -o conftest.o' failed (returned 1)
configure:15515: $? = 1
configure: failed program was:
| /* confdefs.h */
| #define PACKAGE_NAME "libwebp"
| #define PACKAGE_TARNAME "libwebp"
| #define PACKAGE_VERSION "1.2.4"
| #define PACKAGE_STRING "libwebp 1.2.4"
| #define PACKAGE_BUGREPORT "https://bugs.chromium.org/p/webp"
| #define PACKAGE_URL "https://developers.google.com/speed/webp"
| #define PACKAGE "libwebp"
| #define VERSION "1.2.4"
| #define HAVE_STDIO_H 1
| #define HAVE_STDLIB_H 1
| #define HAVE_STRING_H 1
| #define HAVE_INTTYPES_H 1
| #define HAVE_STDINT_H 1
| #define HAVE_STRINGS_H 1
| #define HAVE_SYS_STAT_H 1
| #define HAVE_SYS_TYPES_H 1
| #define HAVE_UNISTD_H 1
| #define STDC_HEADERS 1
| #define HAVE_DLFCN_H 1
| #define LT_OBJDIR ".libs/"
| #define HAVE_BUILTIN_BSWAP16 1
| #define HAVE_BUILTIN_BSWAP32 1
| #define HAVE_BUILTIN_BSWAP64 1
| #define HAVE_GL_GLUT_H 1
| #define WEBP_HAVE_SDL 1
| /* end confdefs.h.  */
| #include <stddef.h>
| #ifdef HAVE_STDIO_H
| # include <stdio.h>
| #endif
| #ifdef HAVE_STDLIB_H
| # include <stdlib.h>
| #endif
| #ifdef HAVE_STRING_H
| # include <string.h>
| #endif
| #ifdef HAVE_INTTYPES_H
| # include <inttypes.h>
| #endif
| #ifdef HAVE_STDINT_H
| # include <stdint.h>
| #endif
| #ifdef HAVE_STRINGS_H
| # include <strings.h>
| #endif
| #ifdef HAVE_SYS_TYPES_H
| # include <sys/types.h>
| #endif
| #ifdef HAVE_SYS_STAT_H
| # include <sys/stat.h>
| #endif
| #ifdef HAVE_UNISTD_H
| # include <unistd.h>
| #endif
| #include <gif_lib.h>
configure:15515: result: no
configure:15567: WARNING: gif library not available - no gif_lib.h
configure:15581: Not building anim_diff. libgif and --enable-libwebpdemux are required.
configure:15589: Not building gif2webp. libgif and --enable-libwebpmux are required.
configure:15735: checking if --enable-swap-16bit-csp option is specified
configure:15746: result: no
configure:15754: checking if --disable-near-lossless option is specified
configure:15771: result: no
configure:15892: checking that generated files are newer than configure
configure:15898: result: done
configure:15962: creating ./config.status

## ---------------------- ##
## Running config.status. ##
## ---------------------- ##

This file was extended by libwebp config.status 1.2.4, which was
generated by GNU Autoconf 2.71.  Invocation command line was

  CONFIG_FILES    = 
  CONFIG_HEADERS  = 
  CONFIG_LINKS    = 
  CONFIG_COMMANDS = 
  $ ./config.status 

on iMac-de-Alexandre.local

config.status:1149: creating Makefile
config.status:1149: creating src/Makefile
config.status:1149: creating man/Makefile
config.status:1149: creating examples/Makefile
config.status:1149: creating extras/Makefile
config.status:1149: creating imageio/Makefile
config.status:1149: creating sharpyuv/Makefile
config.status:1149: creating src/dec/Makefile
config.status:1149: creating src/enc/Makefile
config.status:1149: creating src/dsp/Makefile
config.status:1149: creating src/demux/Makefile
config.status:1149: creating src/mux/Makefile
config.status:1149: creating src/utils/Makefile
config.status:1149: creating src/libwebp.pc
config.status:1149: creating src/libwebpdecoder.pc
config.status:1149: creating src/demux/libwebpdemux.pc
config.status:1149: creating src/mux/libwebpmux.pc
config.status:1149: creating src/webp/config.h
config.status:1330: src/webp/config.h is unchanged
config.status:1378: executing depfiles commands
config.status:1455: cd examples       && sed -e '/# am--include-marker/d' Makefile         | make -f - am--depfiles
make: Nothing to be done for `am--depfiles'.
config.status:1460: $? = 0
config.status:1455: cd extras       && sed -e '/# am--include-marker/d' Makefile         | make -f - am--depfiles
make: Nothing to be done for `am--depfiles'.
config.status:1460: $? = 0
config.status:1455: cd imageio       && sed -e '/# am--include-marker/d' Makefile         | make -f - am--depfiles
make: Nothing to be done for `am--depfiles'.
config.status:1460: $? = 0
config.status:1455: cd sharpyuv       && sed -e '/# am--include-marker/d' Makefile         | make -f - am--depfiles
make: Nothing to be done for `am--depfiles'.
config.status:1460: $? = 0
config.status:1455: cd src/dec       && sed -e '/# am--include-marker/d' Makefile         | make -f - am--depfiles
make: Nothing to be done for `am--depfiles'.
config.status:1460: $? = 0
config.status:1455: cd src/enc       && sed -e '/# am--include-marker/d' Makefile         | make -f - am--depfiles
make: Nothing to be done for `am--depfiles'.
config.status:1460: $? = 0
config.status:1455: cd src/dsp       && sed -e '/# am--include-marker/d' Makefile         | make -f - am--depfiles
make: Nothing to be done for `am--depfiles'.
config.status:1460: $? = 0
config.status:1455: cd src/demux       && sed -e '/# am--include-marker/d' Makefile         | make -f - am--depfiles
make: Nothing to be done for `am--depfiles'.
config.status:1460: $? = 0
config.status:1455: cd src/mux       && sed -e '/# am--include-marker/d' Makefile         | make -f - am--depfiles
make: Nothing to be done for `am--depfiles'.
config.status:1460: $? = 0
config.status:1455: cd src/utils       && sed -e '/# am--include-marker/d' Makefile         | make -f - am--depfiles
make: Nothing to be done for `am--depfiles'.
config.status:1460: $? = 0
config.status:1378: executing libtool commands
configure:18129:
WebP Configuration Summary
--------------------------

Shared libraries: no
Static libraries: yes
Threading support: no
libwebp: yes
libwebpdecoder: no
libwebpdemux: yes
libwebpmux: yes
libwebpextras: no

Tools:
cwebp : yes
  Input format support
  ====================
  JPEG : no
  PNG  : no
  TIFF : no
  WIC  : no
dwebp : yes
  Output format support
  =====================
  PNG  : no
  WIC  : no
GIF support : no
anim_diff   : no
gif2webp    : no
img2webp    : yes
webpmux     : yes
vwebp       : no
webpinfo    : yes
SDL support : yes
vwebp_sdl   : yes


## ---------------- ##
## Cache variables. ##
## ---------------- ##

ac_cv_build=x86_64-apple-darwin21.6.0
ac_cv_c_bigendian=no
ac_cv_c_compiler_gnu=yes
ac_cv_env_CC_set=set
ac_cv_env_CC_value=/Users/avialle/dev/emsdk/upstream/emscripten/emcc
ac_cv_env_CFLAGS_set=set
ac_cv_env_CFLAGS_value=-O3
ac_cv_env_CPPFLAGS_set=set
ac_cv_env_CPPFLAGS_value=-I/opt/local/www/apache2/html/imagick/image_magick/include
ac_cv_env_LDFLAGS_set=set
ac_cv_env_LDFLAGS_value='-L/opt/local/www/apache2/html/imagick/image_magick/lib -sASSERTIONS=1 -sALLOW_MEMORY_GROWTH=1'
ac_cv_env_LIBS_set=
ac_cv_env_LIBS_value=
ac_cv_env_LT_SYS_LIBRARY_PATH_set=
ac_cv_env_LT_SYS_LIBRARY_PATH_value=
ac_cv_env_build_alias_set=
ac_cv_env_build_alias_value=
ac_cv_env_host_alias_set=
ac_cv_env_host_alias_value=
ac_cv_env_target_alias_set=
ac_cv_env_target_alias_value=
ac_cv_header_GL_glut_h=yes
ac_cv_header_SDL_SDL_h=yes
ac_cv_header_dlfcn_h=yes
ac_cv_header_emmintrin_h=no
ac_cv_header_gif_lib_h=no
ac_cv_header_inttypes_h=yes
ac_cv_header_jpeglib_h=no
ac_cv_header_png_h=yes
ac_cv_header_smmintrin_h=no
ac_cv_header_stdint_h=yes
ac_cv_header_stdio_h=yes
ac_cv_header_stdlib_h=yes
ac_cv_header_string_h=yes
ac_cv_header_strings_h=yes
ac_cv_header_sys_stat_h=yes
ac_cv_header_sys_types_h=yes
ac_cv_header_tiffio_h=no
ac_cv_header_unistd_h=yes
ac_cv_host=x86_64-apple-darwin21.6.0
ac_cv_objext=o
ac_cv_path_EGREP='/usr/bin/grep -E'
ac_cv_path_FGREP='/usr/bin/grep -F'
ac_cv_path_GREP=/usr/bin/grep
ac_cv_path_LIBPNG_CONFIG=/opt/X11/bin/libpng-config
ac_cv_path_LIBSDL_CONFIG=/Users/avialle/dev/emsdk/upstream/emscripten/cache/sysroot/bin/sdl-config
ac_cv_path_SED=/usr/local/bin/gsed
ac_cv_path_install='/usr/bin/install -c'
ac_cv_path_lt_DD=/bin/dd
ac_cv_prog_AWK=awk
ac_cv_prog_ac_ct_CC=/Users/avialle/dev/emsdk/upstream/emscripten/emcc
ac_cv_prog_ac_ct_DSYMUTIL=dsymutil
ac_cv_prog_ac_ct_FILECMD=file
ac_cv_prog_ac_ct_LIPO=lipo
ac_cv_prog_ac_ct_NMEDIT=nmedit
ac_cv_prog_ac_ct_OBJDUMP=objdump
ac_cv_prog_ac_ct_OTOOL=otool
ac_cv_prog_ac_ct_RANLIB=/Users/avialle/dev/emsdk/upstream/emscripten/emranlib
ac_cv_prog_ac_ct_STRIP=strip
ac_cv_prog_cc_c11=
ac_cv_prog_cc_g=yes
ac_cv_prog_cc_stdc=
ac_cv_prog_make_make_set=yes
ac_cv_search_glBegin=no
ac_cv_search_png_get_libpng_ver=no
am_cv_CC_dependencies_compiler_type=gcc3
am_cv_ar_interface=ar
am_cv_make_support_nested_variables=yes
am_cv_prog_cc_c_o=yes
lt_cv_apple_cc_single_mod=no
lt_cv_ar_at_file=@
lt_cv_deplibs_check_method=pass_all
lt_cv_file_magic_cmd='$MAGIC_CMD'
lt_cv_file_magic_test_file=
lt_cv_ld_exported_symbols_list=no
lt_cv_ld_force_load=no
lt_cv_ld_reload_flag=-r
lt_cv_nm_interface='BSD nm'
lt_cv_objdir=.libs
lt_cv_path_LD=/Users/avialle/dev/emsdk/upstream/emscripten/emcc
lt_cv_path_NM=/Users/avialle/dev/emsdk/upstream/bin/llvm-nm
lt_cv_path_mainfest_tool=no
lt_cv_prog_compiler_c_o=yes
lt_cv_prog_compiler_pic='-fno-common -DPIC'
lt_cv_prog_compiler_pic_works=yes
lt_cv_prog_compiler_rtti_exceptions=yes
lt_cv_prog_compiler_static_works=yes
lt_cv_prog_gnu_ld=yes
lt_cv_sharedlib_from_linklib_cmd='printf %s\n'
lt_cv_sys_global_symbol_pipe='/usr/local/bin/gsed -n -e '\''s/^.*[	 ]\([ABCDGIRSTW][ABCDGIRSTW]*\)[	 ][	 ]*\([_A-Za-z][_A-Za-z0-9]*\)$/\1 \2 \2/p'\'' | /usr/local/bin/gsed '\''/ __gnu_lto/d'\'''
lt_cv_sys_global_symbol_to_c_name_address='/usr/local/bin/gsed -n -e '\''s/^: \(.*\) .*$/  {"\1", (void *) 0},/p'\'' -e '\''s/^[ABCDGIRSTW][ABCDGIRSTW]* .* \(.*\)$/  {"\1", (void *) \&\1},/p'\'''
lt_cv_sys_global_symbol_to_c_name_address_lib_prefix='/usr/local/bin/gsed -n -e '\''s/^: \(.*\) .*$/  {"\1", (void *) 0},/p'\'' -e '\''s/^[ABCDGIRSTW][ABCDGIRSTW]* .* \(lib.*\)$/  {"\1", (void *) \&\1},/p'\'' -e '\''s/^[ABCDGIRSTW][ABCDGIRSTW]* .* \(.*\)$/  {"lib\1", (void *) \&\1},/p'\'''
lt_cv_sys_global_symbol_to_cdecl='/usr/local/bin/gsed -n -e '\''s/^T .* \(.*\)$/extern int \1();/p'\'' -e '\''s/^[ABCDGIRSTW][ABCDGIRSTW]* .* \(.*\)$/extern char \1;/p'\'''
lt_cv_sys_global_symbol_to_import=
lt_cv_sys_max_cmd_len=786432
lt_cv_to_host_file_cmd=func_convert_file_noop
lt_cv_to_tool_file_cmd=func_convert_file_noop
lt_cv_truncate_bin='/bin/dd bs=4096 count=1'

## ----------------- ##
## Output variables. ##
## ----------------- ##

ACLOCAL='${SHELL} '\''/opt/local/www/apache2/html/imagick/libwebp-1.2.4/missing'\'' aclocal-1.16'
AMDEPBACKSLASH='\'
AMDEP_FALSE='#'
AMDEP_TRUE=''
AMTAR='$${TAR-tar}'
AM_BACKSLASH='\'
AM_CFLAGS=' -fvisibility=hidden -Wall -Wconstant-conversion -Wdeclaration-after-statement -Wextra -Wfloat-conversion -Wformat -Wformat-nonliteral -Wformat -Wformat-security -Wmissing-declarations -Wmissing-prototypes -Wold-style-definition -Wparentheses-equality -Wshadow -Wshorten-64-to-32 -Wundef -Wunreachable-code-aggressive -Wunreachable-code -Wunused-but-set-variable -Wunused -Wvla -Wno-deprecated-declarations'
AM_CPPFLAGS=' -DNDEBUG'
AM_DEFAULT_V='$(AM_DEFAULT_VERBOSITY)'
AM_DEFAULT_VERBOSITY='0'
AM_V='$(V)'
AR='/Users/avialle/dev/emsdk/upstream/emscripten/emar'
AUTOCONF='${SHELL} '\''/opt/local/www/apache2/html/imagick/libwebp-1.2.4/missing'\'' autoconf'
AUTOHEADER='${SHELL} '\''/opt/local/www/apache2/html/imagick/libwebp-1.2.4/missing'\'' autoheader'
AUTOMAKE='${SHELL} '\''/opt/local/www/apache2/html/imagick/libwebp-1.2.4/missing'\'' automake-1.16'
AWK='awk'
BUILD_ANIMDIFF_FALSE=''
BUILD_ANIMDIFF_TRUE='#'
BUILD_DEMUX_FALSE='#'
BUILD_DEMUX_TRUE=''
BUILD_EXTRAS_FALSE=''
BUILD_EXTRAS_TRUE='#'
BUILD_GIF2WEBP_FALSE=''
BUILD_GIF2WEBP_TRUE='#'
BUILD_IMG2WEBP_FALSE='#'
BUILD_IMG2WEBP_TRUE=''
BUILD_LIBWEBPDECODER_FALSE=''
BUILD_LIBWEBPDECODER_TRUE='#'
BUILD_MUX_FALSE='#'
BUILD_MUX_TRUE=''
BUILD_VWEBP_FALSE=''
BUILD_VWEBP_SDL_FALSE='#'
BUILD_VWEBP_SDL_TRUE=''
BUILD_VWEBP_TRUE='#'
BUILD_WEBPINFO_FALSE='#'
BUILD_WEBPINFO_TRUE=''
CC='/Users/avialle/dev/emsdk/upstream/emscripten/emcc'
CCDEPMODE='depmode=gcc3'
CFLAGS='-O3'
CPPFLAGS='-I/opt/local/www/apache2/html/imagick/image_magick/include'
CSCOPE='cscope'
CTAGS='ctags'
CYGPATH_W='echo'
DEFS='-DHAVE_CONFIG_H'
DEPDIR='.deps'
DLLTOOL='false'
DSYMUTIL='dsymutil'
DUMPBIN=''
ECHO_C='\c'
ECHO_N=''
ECHO_T=''
EGREP='/usr/bin/grep -E'
ETAGS='etags'
EXEEXT=''
FGREP='/usr/bin/grep -F'
FILECMD='file'
GIF_INCLUDES=''
GIF_LIBS=''
GL_INCLUDES=''
GL_LIBS=''
GREP='/usr/bin/grep'
INSTALL_DATA='${INSTALL} -m 644'
INSTALL_PROGRAM='${INSTALL}'
INSTALL_SCRIPT='${INSTALL}'
INSTALL_STRIP_PROGRAM='$(install_sh) -c -s'
JPEG_INCLUDES=''
JPEG_LIBS=''
LD='/Users/avialle/dev/emsdk/upstream/emscripten/emcc'
LDFLAGS='-L/opt/local/www/apache2/html/imagick/image_magick/lib -sASSERTIONS=1 -sALLOW_MEMORY_GROWTH=1'
LIBOBJS=''
LIBPNG_CONFIG='/opt/X11/bin/libpng-config'
LIBS=''
LIBSDL_CONFIG='/Users/avialle/dev/emsdk/upstream/emscripten/cache/sysroot/bin/sdl-config'
LIBTOOL='$(SHELL) $(top_builddir)/libtool'
LIPO='lipo'
LN_S='ln -s'
LTLIBOBJS=''
LT_SYS_LIBRARY_PATH=''
MAKEINFO='${SHELL} '\''/opt/local/www/apache2/html/imagick/libwebp-1.2.4/missing'\'' makeinfo'
MANIFEST_TOOL=':'
MKDIR_P='./install-sh -c -d'
NEON_FLAGS=''
NM='/Users/avialle/dev/emsdk/upstream/bin/llvm-nm'
NMEDIT='nmedit'
OBJDUMP='objdump'
OBJEXT='o'
OTOOL64=':'
OTOOL='otool'
PACKAGE='libwebp'
PACKAGE_BUGREPORT='https://bugs.chromium.org/p/webp'
PACKAGE_NAME='libwebp'
PACKAGE_STRING='libwebp 1.2.4'
PACKAGE_TARNAME='libwebp'
PACKAGE_URL='https://developers.google.com/speed/webp'
PACKAGE_VERSION='1.2.4'
PATH_SEPARATOR=':'
PNG_INCLUDES=''
PNG_LIBS=''
PTHREAD_CC=''
PTHREAD_CFLAGS=''
PTHREAD_LIBS=''
RANLIB='/Users/avialle/dev/emsdk/upstream/emscripten/emranlib'
SDL_INCLUDES=' -DWEBP_HAVE_SDL'
SDL_LIBS='-L/opt/local/www/apache2/html/imagick/image_magick/lib -sASSERTIONS=1 -sALLOW_MEMORY_GROWTH=1   '
SED='/usr/local/bin/gsed'
SET_MAKE=''
SHELL='/bin/sh'
SSE2_FLAGS=''
SSE41_FLAGS=''
STRIP='strip'
TIFF_INCLUDES=''
TIFF_LIBS=''
USE_SWAP_16BIT_CSP=''
VERSION='1.2.4'
ac_ct_AR=''
ac_ct_CC='/Users/avialle/dev/emsdk/upstream/emscripten/emcc'
ac_ct_DUMPBIN=''
am__EXEEXT_FALSE=''
am__EXEEXT_TRUE='#'
am__fastdepCC_FALSE='#'
am__fastdepCC_TRUE=''
am__include='include'
am__isrc=''
am__leading_dot='.'
am__nodep='_no'
am__quote=''
am__tar='$${TAR-tar} chof - "$$tardir"'
am__untar='$${TAR-tar} xf -'
ax_pthread_config=''
bindir='${exec_prefix}/bin'
build='x86_64-apple-darwin21.6.0'
build_alias=''
build_cpu='x86_64'
build_os='darwin21.6.0'
build_vendor='apple'
datadir='${datarootdir}'
datarootdir='${prefix}/share'
docdir='${datarootdir}/doc/${PACKAGE_TARNAME}'
dvidir='${docdir}'
exec_prefix='/opt/local/www/apache2/html/imagick/image_magick'
host='x86_64-apple-darwin21.6.0'
host_alias=''
host_cpu='x86_64'
host_os='darwin21.6.0'
host_vendor='apple'
htmldir='${docdir}'
includedir='${prefix}/include'
infodir='${datarootdir}/info'
install_sh='${SHELL} /opt/local/www/apache2/html/imagick/libwebp-1.2.4/install-sh'
libdir='${exec_prefix}/lib'
libexecdir='${exec_prefix}/libexec'
localedir='${datarootdir}/locale'
localstatedir='${prefix}/var'
mandir='${datarootdir}/man'
mkdir_p='$(MKDIR_P)'
oldincludedir='/usr/include'
pdfdir='${docdir}'
pkgconfigdir='${libdir}/pkgconfig'
prefix='/opt/local/www/apache2/html/imagick/image_magick'
program_transform_name='s,x,x,'
psdir='${docdir}'
runstatedir='${localstatedir}/run'
sbindir='${exec_prefix}/sbin'
sharedstatedir='${prefix}/com'
sysconfdir='${prefix}/etc'
target_alias=''

## ----------- ##
## confdefs.h. ##
## ----------- ##

/* confdefs.h */
#define PACKAGE_NAME "libwebp"
#define PACKAGE_TARNAME "libwebp"
#define PACKAGE_VERSION "1.2.4"
#define PACKAGE_STRING "libwebp 1.2.4"
#define PACKAGE_BUGREPORT "https://bugs.chromium.org/p/webp"
#define PACKAGE_URL "https://developers.google.com/speed/webp"
#define PACKAGE "libwebp"
#define VERSION "1.2.4"
#define HAVE_STDIO_H 1
#define HAVE_STDLIB_H 1
#define HAVE_STRING_H 1
#define HAVE_INTTYPES_H 1
#define HAVE_STDINT_H 1
#define HAVE_STRINGS_H 1
#define HAVE_SYS_STAT_H 1
#define HAVE_SYS_TYPES_H 1
#define HAVE_UNISTD_H 1
#define STDC_HEADERS 1
#define HAVE_DLFCN_H 1
#define LT_OBJDIR ".libs/"
#define HAVE_BUILTIN_BSWAP16 1
#define HAVE_BUILTIN_BSWAP32 1
#define HAVE_BUILTIN_BSWAP64 1
#define HAVE_GL_GLUT_H 1
#define WEBP_HAVE_SDL 1
#define WEBP_NEAR_LOSSLESS 1

configure: exit 0
